{"logTime": "0114/041231", "correlationVector":"qxXw3Qfdn4AU1t4Lz38HhF.96","action":"GetUpdates", "result":"DeleteReceived", "context":{"id":"43eb3c42-ea6c-4a90-b9c0-29e5fffee26f", "isDeleted:":"true", "version":"1730720100730"}}
{"logTime": "0114/041231", "correlationVector":"qxXw3Qfdn4AU1t4Lz38HhF.97","action":"GetUpdates", "result":"DeleteReceived", "context":{"id":"76ef0148-b8e4-4a2b-8042-741b08a7393e", "isDeleted:":"true", "version":"1730720412289"}}
{"logTime": "0114/041231", "correlationVector":"qxXw3Qfdn4AU1t4Lz38HhF.98","action":"GetUpdates", "result":"DeleteReceived", "context":{"id":"93902cb7-ac0f-4184-a9fd-9e97e991595b", "isDeleted:":"true", "version":"1730723271868"}}
{"logTime": "0114/041231", "correlationVector":"qxXw3Qfdn4AU1t4Lz38HhF.99","action":"GetUpdates", "result":"DeleteReceived", "context":{"id":"bdf45e77-db5a-4065-b033-a798fbaca29e", "isDeleted:":"true", "version":"1730724248967"}}
{"logTime": "0114/041231", "correlationVector":"qxXw3Qfdn4AU1t4Lz38HhF.100","action":"GetUpdates", "result":"DeleteReceived", "context":{"id":"e81d4866-3300-43c6-95cd-4878cbaab55b", "isDeleted:":"true", "version":"1730724839691"}}
{"logTime": "0114/041231", "correlationVector":"qxXw3Qfdn4AU1t4Lz38HhF.101","action":"GetUpdates", "result":"DeleteReceived", "context":{"id":"0c66e217-794d-43df-86b8-0076b6cdddf5", "isDeleted:":"true", "version":"1730724839692"}}
{"logTime": "0114/041231", "correlationVector":"qxXw3Qfdn4AU1t4Lz38HhF.102","action":"GetUpdates", "result":"DeleteReceived", "context":{"id":"975c5151-abe7-46f4-9218-e7075603bf29", "isDeleted:":"true", "version":"1730725049446"}}
{"logTime": "0114/041231", "correlationVector":"qxXw3Qfdn4AU1t4Lz38HhF.103","action":"GetUpdates", "result":"DeleteReceived", "context":{"id":"cb3ea8a7-4529-4a05-919e-e47b19334c3f", "isDeleted:":"true", "version":"1730725049449"}}
{"logTime": "0114/041231", "correlationVector":"qxXw3Qfdn4AU1t4Lz38HhF.104","action":"GetUpdates", "result":"DeleteReceived", "context":{"id":"1e168ba1-d9ee-431f-814d-64d2ed586757", "isDeleted:":"true", "version":"1730725697631"}}
{"logTime": "0114/041231", "correlationVector":"qxXw3Qfdn4AU1t4Lz38HhF.105","action":"GetUpdates", "result":"DeleteReceived", "context":{"id":"0835d60f-0e7a-4352-b612-5f7ef160ca04", "isDeleted:":"true", "version":"1730726184576"}}
{"logTime": "0114/041231", "correlationVector":"qxXw3Qfdn4AU1t4Lz38HhF.106","action":"GetUpdates", "result":"DeleteReceived", "context":{"id":"34018fce-1ea0-4308-9b4f-23706b9b8015", "isDeleted:":"true", "version":"1730726919300"}}
{"logTime": "0114/041231", "correlationVector":"qxXw3Qfdn4AU1t4Lz38HhF.107","action":"GetUpdates", "result":"DeleteReceived", "context":{"id":"34b01b17-6c35-4ae2-8af2-67fe85271b1f", "isDeleted:":"true", "version":"1730784756173"}}
{"logTime": "0114/041231", "correlationVector":"qxXw3Qfdn4AU1t4Lz38HhF.108","action":"GetUpdates", "result":"DeleteReceived", "context":{"id":"ed6c7983-3d7f-4b6f-bdba-16cf53a92ecb", "isDeleted:":"true", "version":"1730787145759"}}
{"logTime": "0114/041231", "correlationVector":"qxXw3Qfdn4AU1t4Lz38HhF.109","action":"GetUpdates", "result":"DeleteReceived", "context":{"id":"1d07ac6b-8cca-4b80-902d-2d70f96534f4", "isDeleted:":"true", "version":"1730794177336"}}
{"logTime": "0114/041231", "correlationVector":"qxXw3Qfdn4AU1t4Lz38HhF.110","action":"GetUpdates", "result":"DeleteReceived", "context":{"id":"2b7950fb-88d4-4482-9f6c-f74ba8987051", "isDeleted:":"true", "version":"1730879768174"}}
{"logTime": "0114/041231", "correlationVector":"qxXw3Qfdn4AU1t4Lz38HhF.111","action":"GetUpdates", "result":"DeleteReceived", "context":{"id":"cbdf646f-92c2-4c00-b09a-60472193dceb", "isDeleted:":"true", "version":"1731291629331"}}
{"logTime": "0114/041231", "correlationVector":"qxXw3Qfdn4AU1t4Lz38HhF.112","action":"GetUpdates", "result":"DeleteReceived", "context":{"id":"1c67039b-015d-4438-a399-c36c92ec88d9", "isDeleted:":"true", "version":"1731343710581"}}
{"logTime": "0114/041231", "correlationVector":"qxXw3Qfdn4AU1t4Lz38HhF.113","action":"GetUpdates", "result":"DeleteReceived", "context":{"id":"fe8b97af-6d6f-49dd-a6f8-2852b98f19ad", "isDeleted:":"true", "version":"1731345937715"}}
{"logTime": "0114/041231", "correlationVector":"qxXw3Qfdn4AU1t4Lz38HhF.114","action":"GetUpdates", "result":"DeleteReceived", "context":{"id":"44d56455-bc83-44d2-aaef-0d825ee5199f", "isDeleted:":"true", "version":"1731346112704"}}
{"logTime": "0114/041231", "correlationVector":"qxXw3Qfdn4AU1t4Lz38HhF.115","action":"GetUpdates", "result":"DeleteReceived", "context":{"id":"d15d9e6f-9821-423f-9ee7-773af9b0682d", "isDeleted:":"true", "version":"1731594552593"}}
{"logTime": "0114/041231", "correlationVector":"qxXw3Qfdn4AU1t4Lz38HhF.116","action":"GetUpdates", "result":"DeleteReceived", "context":{"id":"123cc9fd-5534-423d-a6ea-459e2dce8613", "isDeleted:":"true", "version":"1731594555705"}}
{"logTime": "0114/041231", "correlationVector":"qxXw3Qfdn4AU1t4Lz38HhF.117","action":"GetUpdates", "result":"DeleteReceived", "context":{"id":"8ff0bf80-05e6-4d58-b475-70991296b911", "isDeleted:":"true", "version":"1731598449665"}}
{"logTime": "0114/041231", "correlationVector":"qxXw3Qfdn4AU1t4Lz38HhF.118","action":"GetUpdates", "result":"DeleteReceived", "context":{"id":"9f5e2cd6-fd57-48f9-8960-ecab77a6be1a", "isDeleted:":"true", "version":"1731598921543"}}
{"logTime": "0114/041231", "correlationVector":"qxXw3Qfdn4AU1t4Lz38HhF.119","action":"GetUpdates", "result":"DeleteReceived", "context":{"id":"c22e354d-852b-4a8e-9552-72d2a39fcf86", "isDeleted:":"true", "version":"1731645693833"}}
{"logTime": "0114/041231", "correlationVector":"qxXw3Qfdn4AU1t4Lz38HhF.120","action":"GetUpdates", "result":"DeleteReceived", "context":{"id":"207c9d22-b991-4164-a391-d4cab01a21ba", "isDeleted:":"true", "version":"1731921651388"}}
{"logTime": "0114/041231", "correlationVector":"qxXw3Qfdn4AU1t4Lz38HhF.121","action":"GetUpdates", "result":"DeleteReceived", "context":{"id":"96cdf58f-30b1-426e-867f-a27ef56294e3", "isDeleted:":"true", "version":"1731922341010"}}
{"logTime": "0114/041231", "correlationVector":"qxXw3Qfdn4AU1t4Lz38HhF.122","action":"GetUpdates", "result":"DeleteReceived", "context":{"id":"2a86eca0-2f4e-4867-93a3-2639bcd37a7e", "isDeleted:":"true", "version":"1732103321915"}}
{"logTime": "0114/041231", "correlationVector":"qxXw3Qfdn4AU1t4Lz38HhF.123","action":"GetUpdates", "result":"DeleteReceived", "context":{"id":"796632b7-3620-4a5f-a056-4570ca7aa1ea", "isDeleted:":"true", "version":"1732112226997"}}
{"logTime": "0114/041231", "correlationVector":"qxXw3Qfdn4AU1t4Lz38HhF.124","action":"GetUpdates", "result":"DeleteReceived", "context":{"id":"78827120-94d2-462a-adc3-7cc876c8fa42", "isDeleted:":"true", "version":"1732112702502"}}
{"logTime": "0114/041231", "correlationVector":"qxXw3Qfdn4AU1t4Lz38HhF.125","action":"GetUpdates", "result":"DeleteReceived", "context":{"id":"99cb6540-433b-4832-b52c-efca1fe1b859", "isDeleted:":"true", "version":"1732112905023"}}
{"logTime": "0114/041231", "correlationVector":"qxXw3Qfdn4AU1t4Lz38HhF.126","action":"GetUpdates", "result":"DeleteReceived", "context":{"id":"956cef6d-3cd3-4f5d-880e-82f99c42756c", "isDeleted:":"true", "version":"1732113366787"}}
{"logTime": "0114/041231", "correlationVector":"qxXw3Qfdn4AU1t4Lz38HhF.127","action":"GetUpdates", "result":"DeleteReceived", "context":{"id":"45205ccf-5515-4159-9758-ede1cfd90b63", "isDeleted:":"true", "version":"1732114540607"}}
{"logTime": "0114/041231", "correlationVector":"qxXw3Qfdn4AU1t4Lz38HhF.128","action":"GetUpdates", "result":"DeleteReceived", "context":{"id":"b1b312a1-dade-4300-a094-40dff9be6df7", "isDeleted:":"true", "version":"1732114540608"}}
{"logTime": "0114/041231", "correlationVector":"qxXw3Qfdn4AU1t4Lz38HhF.129","action":"GetUpdates", "result":"DeleteReceived", "context":{"id":"6e99ada1-e94b-42b1-88fd-0a9bac77b1c2", "isDeleted:":"true", "version":"1732114540610"}}
{"logTime": "0114/041231", "correlationVector":"qxXw3Qfdn4AU1t4Lz38HhF.130","action":"GetUpdates", "result":"DeleteReceived", "context":{"id":"70f12390-ec53-4092-b1d4-40edf1929e26", "isDeleted:":"true", "version":"1732114540612"}}
{"logTime": "0114/041231", "correlationVector":"qxXw3Qfdn4AU1t4Lz38HhF.131","action":"GetUpdates", "result":"DeleteReceived", "context":{"id":"43c5666c-f979-4af6-ae2c-fb4849c7ddc6", "isDeleted:":"true", "version":"1732118431487"}}
{"logTime": "0114/041231", "correlationVector":"qxXw3Qfdn4AU1t4Lz38HhF.132","action":"GetUpdates", "result":"DeleteReceived", "context":{"id":"9d7ec1af-4728-41bc-bffa-305dc3dd4e71", "isDeleted:":"true", "version":"1732121712667"}}
{"logTime": "0114/041231", "correlationVector":"qxXw3Qfdn4AU1t4Lz38HhF.133","action":"GetUpdates", "result":"DeleteReceived", "context":{"id":"1d35b6d2-02e8-4acd-95c9-181e45e36f49", "isDeleted:":"true", "version":"1732162718217"}}
{"logTime": "0114/041231", "correlationVector":"qxXw3Qfdn4AU1t4Lz38HhF.134","action":"GetUpdates", "result":"DeleteReceived", "context":{"id":"2c01a304-4ed8-4410-b6fc-04210fa25153", "isDeleted:":"true", "version":"1732189633762"}}
{"logTime": "0114/041231", "correlationVector":"qxXw3Qfdn4AU1t4Lz38HhF.135","action":"GetUpdates", "result":"DeleteReceived", "context":{"id":"f1b4d9fb-6194-4fc9-a7ac-0367be99fdab", "isDeleted:":"true", "version":"1732189893261"}}
{"logTime": "0114/041231", "correlationVector":"qxXw3Qfdn4AU1t4Lz38HhF.136","action":"GetUpdates", "result":"DeleteReceived", "context":{"id":"cb5157ad-e298-48ef-ae3b-1a4d3d7f7cba", "isDeleted:":"true", "version":"1732190008446"}}
{"logTime": "0114/041231", "correlationVector":"qxXw3Qfdn4AU1t4Lz38HhF.137","action":"GetUpdates", "result":"DeleteReceived", "context":{"id":"4e257032-5a18-44c8-b372-03a93b07aeb9", "isDeleted:":"true", "version":"1732190163717"}}
{"logTime": "0114/041231", "correlationVector":"qxXw3Qfdn4AU1t4Lz38HhF.138","action":"GetUpdates", "result":"DeleteReceived", "context":{"id":"d66e242e-b89e-48d1-961a-c18a5b520345", "isDeleted:":"true", "version":"1732194995043"}}
{"logTime": "0114/041231", "correlationVector":"qxXw3Qfdn4AU1t4Lz38HhF.139","action":"GetUpdates", "result":"DeleteReceived", "context":{"id":"3897c714-d8c2-4f82-a0c5-b2a51ce706db", "isDeleted:":"true", "version":"1732194995044"}}
{"logTime": "0114/041231", "correlationVector":"qxXw3Qfdn4AU1t4Lz38HhF.140","action":"GetUpdates", "result":"DeleteReceived", "context":{"id":"632bc2a1-4e3e-498d-b34e-d7e8d24f5090", "isDeleted:":"true", "version":"1732194995045"}}
{"logTime": "0114/041231", "correlationVector":"qxXw3Qfdn4AU1t4Lz38HhF.141","action":"GetUpdates", "result":"DeleteReceived", "context":{"id":"bfb81247-fde2-43b5-93ad-ed1d2fde7cfa", "isDeleted:":"true", "version":"1732194995047"}}
{"logTime": "0114/041231", "correlationVector":"qxXw3Qfdn4AU1t4Lz38HhF.142","action":"GetUpdates", "result":"DeleteReceived", "context":{"id":"ff329862-bc2c-4afc-8a50-6fac85c053b7", "isDeleted:":"true", "version":"1732194995048"}}
{"logTime": "0114/041231", "correlationVector":"qxXw3Qfdn4AU1t4Lz38HhF.143","action":"GetUpdates", "result":"DeleteReceived", "context":{"id":"e6265e35-2cb6-4a45-9260-b16372706681", "isDeleted:":"true", "version":"1732194995049"}}
{"logTime": "0114/041231", "correlationVector":"qxXw3Qfdn4AU1t4Lz38HhF.144","action":"GetUpdates", "result":"DeleteReceived", "context":{"id":"50cd21f3-8091-461a-8955-57e42bca6386", "isDeleted:":"true", "version":"1732194995050"}}
{"logTime": "0114/041231", "correlationVector":"qxXw3Qfdn4AU1t4Lz38HhF.145","action":"GetUpdates", "result":"DeleteReceived", "context":{"id":"7f988b49-b713-4459-9d41-d2568d2c87bb", "isDeleted:":"true", "version":"1732194995051"}}
{"logTime": "0114/041231", "correlationVector":"qxXw3Qfdn4AU1t4Lz38HhF.146","action":"GetUpdates", "result":"DeleteReceived", "context":{"id":"289e224b-e232-4755-8f39-1ba3c8357646", "isDeleted:":"true", "version":"1732194995052"}}
{"logTime": "0114/041231", "correlationVector":"qxXw3Qfdn4AU1t4Lz38HhF.147","action":"GetUpdates", "result":"DeleteReceived", "context":{"id":"8c1d39a9-8125-41c0-82ec-481c812753fc", "isDeleted:":"true", "version":"1732194995053"}}
{"logTime": "0114/041231", "correlationVector":"qxXw3Qfdn4AU1t4Lz38HhF.148","action":"GetUpdates", "result":"DeleteReceived", "context":{"id":"57e294a2-8a09-4bfa-8767-e7be5bc5aab5", "isDeleted:":"true", "version":"1732194995054"}}
{"logTime": "0114/041231", "correlationVector":"qxXw3Qfdn4AU1t4Lz38HhF.149","action":"GetUpdates", "result":"DeleteReceived", "context":{"id":"0096918f-ed24-4978-991b-fd96827ef3ef", "isDeleted:":"true", "version":"1732242536049"}}
{"logTime": "0114/041231", "correlationVector":"qxXw3Qfdn4AU1t4Lz38HhF.150","action":"GetUpdates", "result":"DeleteReceived", "context":{"id":"7e2aeabb-6a3f-4df8-92b9-eecfa93b364d", "isDeleted:":"true", "version":"1732242536050"}}
{"logTime": "0114/041231", "correlationVector":"qxXw3Qfdn4AU1t4Lz38HhF.151","action":"GetUpdates", "result":"DeleteReceived", "context":{"id":"e2071c40-9018-482f-9681-75133827ed96", "isDeleted:":"true", "version":"1732242758960"}}
{"logTime": "0114/041231", "correlationVector":"qxXw3Qfdn4AU1t4Lz38HhF.152","action":"GetUpdates", "result":"DeleteReceived", "context":{"id":"14a72d9e-a967-4793-a9cf-f7dad3f3d817", "isDeleted:":"true", "version":"1732242873563"}}
{"logTime": "0114/041231", "correlationVector":"qxXw3Qfdn4AU1t4Lz38HhF.153","action":"GetUpdates", "result":"DeleteReceived", "context":{"id":"e19a0b1a-ebad-4c3d-b59a-473181629d5a", "isDeleted:":"true", "version":"1732243258095"}}
{"logTime": "0114/041231", "correlationVector":"qxXw3Qfdn4AU1t4Lz38HhF.154","action":"GetUpdates", "result":"DeleteReceived", "context":{"id":"2def6da3-d0a6-4fcc-9d54-129a89c9868d", "isDeleted:":"true", "version":"1732244514101"}}
{"logTime": "0114/041231", "correlationVector":"qxXw3Qfdn4AU1t4Lz38HhF.155","action":"GetUpdates", "result":"DeleteReceived", "context":{"id":"143bc45d-5410-4a95-9f00-1027309ac407", "isDeleted:":"true", "version":"1732245773386"}}
{"logTime": "0114/041231", "correlationVector":"qxXw3Qfdn4AU1t4Lz38HhF.156","action":"GetUpdates", "result":"DeleteReceived", "context":{"id":"95fd7210-7354-4e08-bb46-beac96515ec9", "isDeleted:":"true", "version":"1732245805539"}}
{"logTime": "0114/041231", "correlationVector":"qxXw3Qfdn4AU1t4Lz38HhF.157","action":"GetUpdates", "result":"DeleteReceived", "context":{"id":"9b4091ef-912f-4f2a-9017-3c8970a3c745", "isDeleted:":"true", "version":"1732245805541"}}
{"logTime": "0114/041231", "correlationVector":"qxXw3Qfdn4AU1t4Lz38HhF.158","action":"GetUpdates", "result":"DeleteReceived", "context":{"id":"96a62a5a-0e08-4b21-bfea-4e4b73e1ed43", "isDeleted:":"true", "version":"1732245870108"}}
{"logTime": "0114/041231", "correlationVector":"qxXw3Qfdn4AU1t4Lz38HhF.159","action":"GetUpdates", "result":"DeleteReceived", "context":{"id":"6dc1e8de-c3dd-4626-b6cc-bd8a7291b3a0", "isDeleted:":"true", "version":"1732245870110"}}
{"logTime": "0114/041231", "correlationVector":"qxXw3Qfdn4AU1t4Lz38HhF.160","action":"GetUpdates", "result":"DeleteReceived", "context":{"id":"c6314931-693a-461b-9424-b64c33c78128", "isDeleted:":"true", "version":"1732245870112"}}
{"logTime": "0114/041231", "correlationVector":"qxXw3Qfdn4AU1t4Lz38HhF.161","action":"GetUpdates", "result":"DeleteReceived", "context":{"id":"61c92ec6-6b79-4c6e-8750-065e4323e40b", "isDeleted:":"true", "version":"1732245870113"}}
{"logTime": "0114/041231", "correlationVector":"qxXw3Qfdn4AU1t4Lz38HhF.162","action":"GetUpdates", "result":"DeleteReceived", "context":{"id":"269dd491-d5f2-444f-9045-323cca68c3bf", "isDeleted:":"true", "version":"1732245902494"}}
{"logTime": "0114/041231", "correlationVector":"qxXw3Qfdn4AU1t4Lz38HhF.163","action":"GetUpdates", "result":"DeleteReceived", "context":{"id":"57f5d827-8304-41da-953e-d3e292fa670a", "isDeleted:":"true", "version":"1732248047499"}}
{"logTime": "0114/041231", "correlationVector":"qxXw3Qfdn4AU1t4Lz38HhF.164","action":"GetUpdates", "result":"DeleteReceived", "context":{"id":"c21c3e10-1885-452b-be4f-24fd946fcf5d", "isDeleted:":"true", "version":"1732354033365"}}
{"logTime": "0114/041231", "correlationVector":"qxXw3Qfdn4AU1t4Lz38HhF.165","action":"GetUpdates", "result":"DeleteReceived", "context":{"id":"c08d6a6d-ad9a-433f-a00e-91ef103c1c22", "isDeleted:":"true", "version":"1732601232464"}}
{"logTime": "0114/041231", "correlationVector":"qxXw3Qfdn4AU1t4Lz38HhF.166","action":"GetUpdates", "result":"DeleteReceived", "context":{"id":"da6c4703-b3ae-4401-b482-0962ca4c24ca", "isDeleted:":"true", "version":"1732601232465"}}
{"logTime": "0114/041231", "correlationVector":"qxXw3Qfdn4AU1t4Lz38HhF.167","action":"GetUpdates", "result":"DeleteReceived", "context":{"id":"c9695122-6a09-4d4c-8b30-57c67e103c90", "isDeleted:":"true", "version":"1733036285993"}}
{"logTime": "0114/041231", "correlationVector":"qxXw3Qfdn4AU1t4Lz38HhF.168","action":"GetUpdates", "result":"DeleteReceived", "context":{"id":"09d71273-672c-4ada-8074-be550d982705", "isDeleted:":"true", "version":"1733317275562"}}
{"logTime": "0114/041231", "correlationVector":"qxXw3Qfdn4AU1t4Lz38HhF.169","action":"GetUpdates", "result":"DeleteReceived", "context":{"id":"a1da9237-c82a-47a6-8117-ba0745952bc6", "isDeleted:":"true", "version":"1733317275563"}}
{"logTime": "0114/041231", "correlationVector":"qxXw3Qfdn4AU1t4Lz38HhF.170","action":"GetUpdates", "result":"DeleteReceived", "context":{"id":"cd41242e-dd84-41ca-8bfd-9ceac58a29ab", "isDeleted:":"true", "version":"1732601232467"}}
{"logTime": "0114/041231", "correlationVector":"qxXw3Qfdn4AU1t4Lz38HhF.171","action":"GetUpdates", "result":"DeleteReceived", "context":{"id":"d0edfa35-5218-4912-97fa-5e9bccfe11fe", "isDeleted:":"true", "version":"1732601232468"}}
{"logTime": "0114/041231", "correlationVector":"qxXw3Qfdn4AU1t4Lz38HhF.172","action":"GetUpdates", "result":"DeleteReceived", "context":{"id":"142e5569-000a-45b1-8cbc-01aaf8d6c8bc", "isDeleted:":"true", "version":"1732601232469"}}
{"logTime": "0114/041231", "correlationVector":"qxXw3Qfdn4AU1t4Lz38HhF.173","action":"GetUpdates", "result":"DeleteReceived", "context":{"id":"14d3be44-e91d-47f7-88a6-72047264e89c", "isDeleted:":"true", "version":"1732601232470"}}
{"logTime": "0114/041231", "correlationVector":"qxXw3Qfdn4AU1t4Lz38HhF.174","action":"GetUpdates", "result":"DeleteReceived", "context":{"id":"7d8f4753-7509-4302-a475-5b49015be22c", "isDeleted:":"true", "version":"1732601232471"}}
{"logTime": "0114/041231", "correlationVector":"qxXw3Qfdn4AU1t4Lz38HhF.175","action":"GetUpdates", "result":"DeleteReceived", "context":{"id":"7da9ef0c-f06f-4625-914b-62251a599263", "isDeleted:":"true", "version":"1732601232472"}}
{"logTime": "0114/041231", "correlationVector":"qxXw3Qfdn4AU1t4Lz38HhF.176","action":"GetUpdates", "result":"DeleteReceived", "context":{"id":"f01b56ec-8975-485d-b814-d9f624393747", "isDeleted:":"true", "version":"1732601232473"}}
{"logTime": "0114/041231", "correlationVector":"qxXw3Qfdn4AU1t4Lz38HhF.177","action":"GetUpdates", "result":"DeleteReceived", "context":{"id":"306f6234-09fd-4aa5-92b9-abbef7445f27", "isDeleted:":"true", "version":"1732601232474"}}
{"logTime": "0114/041231", "correlationVector":"qxXw3Qfdn4AU1t4Lz38HhF.178","action":"GetUpdates", "result":"DeleteReceived", "context":{"id":"10ec57c7-4871-40e7-a3d2-ea0e291c3b5f", "isDeleted:":"true", "version":"1732601232475"}}
{"logTime": "0114/041231", "correlationVector":"qxXw3Qfdn4AU1t4Lz38HhF.179","action":"GetUpdates", "result":"DeleteReceived", "context":{"id":"0831198a-2b90-4c3b-8d99-bccb2e671e17", "isDeleted:":"true", "version":"1732601232476"}}
{"logTime": "0114/041231", "correlationVector":"qxXw3Qfdn4AU1t4Lz38HhF.180","action":"GetUpdates", "result":"DeleteReceived", "context":{"id":"a11ad4bf-fce8-455a-a210-9390213a9c6c", "isDeleted:":"true", "version":"1732601232477"}}
{"logTime": "0114/041231", "correlationVector":"qxXw3Qfdn4AU1t4Lz38HhF.181","action":"GetUpdates", "result":"DeleteReceived", "context":{"id":"ae543fab-a020-44b6-be04-cca221980ce5", "isDeleted:":"true", "version":"1732601232478"}}
{"logTime": "0114/041231", "correlationVector":"qxXw3Qfdn4AU1t4Lz38HhF.182","action":"GetUpdates", "result":"DeleteReceived", "context":{"id":"27931132-004b-4a39-a36e-5c420ff6374c", "isDeleted:":"true", "version":"1732601232479"}}
{"logTime": "0114/041231", "correlationVector":"qxXw3Qfdn4AU1t4Lz38HhF.183","action":"GetUpdates", "result":"DeleteReceived", "context":{"id":"1db2498e-5683-410e-af7d-7f7520f2c0b0", "isDeleted:":"true", "version":"1732601232480"}}
{"logTime": "0114/041231", "correlationVector":"qxXw3Qfdn4AU1t4Lz38HhF.184","action":"GetUpdates", "result":"DeleteReceived", "context":{"id":"69033e0c-7347-49d2-8fb2-de969b841dea", "isDeleted:":"true", "version":"1733036285995"}}
{"logTime": "0114/041231", "correlationVector":"qxXw3Qfdn4AU1t4Lz38HhF.185","action":"GetUpdates", "result":"DeleteReceived", "context":{"id":"55a8f4fb-74e7-4ace-8032-59635bdd19f8", "isDeleted:":"true", "version":"1733036285996"}}
{"logTime": "0114/041231", "correlationVector":"qxXw3Qfdn4AU1t4Lz38HhF.186","action":"GetUpdates", "result":"DeleteReceived", "context":{"id":"027ec592-466f-4c1c-bd89-5bf3226f7487", "isDeleted:":"true", "version":"1733036285997"}}
{"logTime": "0114/041231", "correlationVector":"qxXw3Qfdn4AU1t4Lz38HhF.187","action":"GetUpdates", "result":"DeleteReceived", "context":{"id":"2dda0315-50cd-4d94-9a36-a37e01c28437", "isDeleted:":"true", "version":"1733036285998"}}
{"logTime": "0114/041231", "correlationVector":"qxXw3Qfdn4AU1t4Lz38HhF.188","action":"GetUpdates", "result":"DeleteReceived", "context":{"id":"084bccd3-130c-430f-8283-714234056dd6", "isDeleted:":"true", "version":"1733036285999"}}
{"logTime": "0114/041231", "correlationVector":"qxXw3Qfdn4AU1t4Lz38HhF.189","action":"GetUpdates", "result":"DeleteReceived", "context":{"id":"f31fc71f-d844-4a61-ab86-accb999248b5", "isDeleted:":"true", "version":"1733036286000"}}
{"logTime": "0114/041231", "correlationVector":"qxXw3Qfdn4AU1t4Lz38HhF.190","action":"GetUpdates", "result":"DeleteReceived", "context":{"id":"6e0c2625-bf0c-4d7f-8ef5-297d6598c104", "isDeleted:":"true", "version":"1733153064200"}}
{"logTime": "0114/041231", "correlationVector":"qxXw3Qfdn4AU1t4Lz38HhF.191","action":"GetUpdates", "result":"DeleteReceived", "context":{"id":"941266a7-4693-4b72-92e6-1f87c8655048", "isDeleted:":"true", "version":"1733153064201"}}
{"logTime": "0114/041231", "correlationVector":"qxXw3Qfdn4AU1t4Lz38HhF.192","action":"GetUpdates", "result":"DeleteReceived", "context":{"id":"e401da20-70d7-432b-a508-9f9662efe2f2", "isDeleted:":"true", "version":"1733153064202"}}
{"logTime": "0114/041231", "correlationVector":"qxXw3Qfdn4AU1t4Lz38HhF.193","action":"GetUpdates", "result":"DeleteReceived", "context":{"id":"fca8d88c-d929-4128-a572-50d0fc6e25ad", "isDeleted:":"true", "version":"1733153064203"}}
{"logTime": "0114/041231", "correlationVector":"qxXw3Qfdn4AU1t4Lz38HhF.194","action":"GetUpdates", "result":"DeleteReceived", "context":{"id":"2d04c198-bdfb-417f-8d7a-ed0bcb4428b9", "isDeleted:":"true", "version":"1733153064204"}}
{"logTime": "0114/041231", "correlationVector":"qxXw3Qfdn4AU1t4Lz38HhF.195","action":"GetUpdates", "result":"DeleteReceived", "context":{"id":"626b0f34-2dd7-40ba-b757-64a74dd040c4", "isDeleted:":"true", "version":"1733153064205"}}
{"logTime": "0114/041231", "correlationVector":"qxXw3Qfdn4AU1t4Lz38HhF.196","action":"GetUpdates", "result":"DeleteReceived", "context":{"id":"ea75e30f-25fe-4191-8bac-03910218b2e7", "isDeleted:":"true", "version":"1733317275565"}}
{"logTime": "0114/041231", "correlationVector":"qxXw3Qfdn4AU1t4Lz38HhF.197","action":"GetUpdates", "result":"DeleteReceived", "context":{"id":"838689bf-a85d-46a7-8e7a-24cd6e36307e", "isDeleted:":"true", "version":"1733317275566"}}
{"logTime": "0114/041231", "correlationVector":"qxXw3Qfdn4AU1t4Lz38HhF.198","action":"GetUpdates Response", "result":"Success", "context":Received 250 update(s). cV=qxXw3Qfdn4AU1t4Lz38HhF.0;server=akswtt003000018;cloudType=Consumer;environment=Prod_southeastasia_prod-s01-064-apac-southeastasia;migrationStage=NotStarted Some updates remain.}
{"logTime": "0114/041231", "correlationVector":"L+g+wUhKmqJy0lgJe1A/zE","action":"Initial GetUpdates", "result":"", "context":Reason: NEWLY_SUPPORTED_DATATYPE. cV=L+g+wUhKmqJy0lgJe1A/zE}
{"logTime": "0114/041231", "correlationVector":"L+g+wUhKmqJy0lgJe1A/zE.1","action":"SyncServerConnectionManagerRequest", "result":"SYNC_SERVER_OK", "context":{"environment":"Prod_southeastasia_prod-s01-064-apac-southeastasia", "migrationStage":"NotStarted", "server":"akswtt003000018"}}
{"logTime": "0114/041231", "correlationVector":"L+g+wUhKmqJy0lgJe1A/zE.2","action":"GetUpdates", "result":"DeleteReceived", "context":{"id":"d30d6a71-385c-40d2-80bc-e3151f18cc9f", "isDeleted:":"true", "version":"1733546544527"}}
{"logTime": "0114/041231", "correlationVector":"L+g+wUhKmqJy0lgJe1A/zE.3","action":"GetUpdates", "result":"DeleteReceived", "context":{"id":"7b9c5db1-10e5-4eba-b872-630a4c93eda3", "isDeleted:":"true", "version":"1733546544528"}}
{"logTime": "0114/041231", "correlationVector":"L+g+wUhKmqJy0lgJe1A/zE.4","action":"GetUpdates", "result":"DeleteReceived", "context":{"id":"a4ed811d-810b-49d5-b626-69ed4157a7c1", "isDeleted:":"true", "version":"1733546544529"}}
{"logTime": "0114/041231", "correlationVector":"L+g+wUhKmqJy0lgJe1A/zE.5","action":"GetUpdates", "result":"DeleteReceived", "context":{"id":"d5c4d734-cb2e-4049-a924-e65435356d22", "isDeleted:":"true", "version":"1733546544530"}}
{"logTime": "0114/041231", "correlationVector":"L+g+wUhKmqJy0lgJe1A/zE.6","action":"GetUpdates", "result":"DeleteReceived", "context":{"id":"48ddbccb-2590-48c5-ba59-0dedbb5f9b68", "isDeleted:":"true", "version":"1733546544531"}}
{"logTime": "0114/041231", "correlationVector":"L+g+wUhKmqJy0lgJe1A/zE.7","action":"GetUpdates", "result":"DeleteReceived", "context":{"id":"2684df80-13de-4c66-8d62-dead586ef97e", "isDeleted:":"true", "version":"1733546544532"}}
{"logTime": "0114/041231", "correlationVector":"L+g+wUhKmqJy0lgJe1A/zE.8","action":"GetUpdates", "result":"DeleteReceived", "context":{"id":"11e5b8dd-d466-49a4-a4c6-96c4ec84d909", "isDeleted:":"true", "version":"1733546544533"}}
{"logTime": "0114/041231", "correlationVector":"L+g+wUhKmqJy0lgJe1A/zE.9","action":"GetUpdates", "result":"DeleteReceived", "context":{"id":"fde463af-1403-43a2-8bc8-5936512bc808", "isDeleted:":"true", "version":"1733559935285"}}
{"logTime": "0114/041231", "correlationVector":"L+g+wUhKmqJy0lgJe1A/zE.10","action":"GetUpdates", "result":"DeleteReceived", "context":{"id":"d7a44a6e-e0b7-461b-8d25-e81d02cca941", "isDeleted:":"true", "version":"1733561989112"}}
{"logTime": "0114/041231", "correlationVector":"L+g+wUhKmqJy0lgJe1A/zE.11","action":"GetUpdates", "result":"DeleteReceived", "context":{"id":"fb157cc8-8565-4728-b1a3-c98ffbe317d5", "isDeleted:":"true", "version":"1733562027775"}}
{"logTime": "0114/041231", "correlationVector":"L+g+wUhKmqJy0lgJe1A/zE.12","action":"GetUpdates", "result":"DeleteReceived", "context":{"id":"ea759a87-d039-424d-ab1f-ab9397a17568", "isDeleted:":"true", "version":"1733562136898"}}
{"logTime": "0114/041231", "correlationVector":"L+g+wUhKmqJy0lgJe1A/zE.13","action":"GetUpdates", "result":"DeleteReceived", "context":{"id":"6ca2d98a-ecbe-435c-87f8-2537e6eef6be", "isDeleted:":"true", "version":"1733570527643"}}
{"logTime": "0114/041231", "correlationVector":"L+g+wUhKmqJy0lgJe1A/zE.14","action":"GetUpdates", "result":"DeleteReceived", "context":{"id":"5781816f-6c53-4a0c-8941-ba6a6f6c378a", "isDeleted:":"true", "version":"1733574822384"}}
{"logTime": "0114/041231", "correlationVector":"L+g+wUhKmqJy0lgJe1A/zE.15","action":"GetUpdates", "result":"DeleteReceived", "context":{"id":"4ed9df8d-1edf-44fe-acba-ce140bebe819", "isDeleted:":"true", "version":"1733576403845"}}
{"logTime": "0114/041231", "correlationVector":"L+g+wUhKmqJy0lgJe1A/zE.16","action":"GetUpdates", "result":"DeleteReceived", "context":{"id":"9f546a79-f387-4422-980a-23f9f144b625", "isDeleted:":"true", "version":"1733578670212"}}
{"logTime": "0114/041231", "correlationVector":"L+g+wUhKmqJy0lgJe1A/zE.17","action":"GetUpdates", "result":"DeleteReceived", "context":{"id":"60a077a6-f5f2-44fe-b4cf-8db8de8c46d6", "isDeleted:":"true", "version":"1733587261082"}}
{"logTime": "0114/041231", "correlationVector":"L+g+wUhKmqJy0lgJe1A/zE.18","action":"GetUpdates", "result":"DeleteReceived", "context":{"id":"3143bfc7-19e9-429d-8f90-200b7f2de5cf", "isDeleted:":"true", "version":"1733594035564"}}
{"logTime": "0114/041231", "correlationVector":"L+g+wUhKmqJy0lgJe1A/zE.19","action":"GetUpdates", "result":"DeleteReceived", "context":{"id":"34d61610-a5cc-45e2-abc9-e4b0c7a4ef9d", "isDeleted:":"true", "version":"1733595147378"}}
{"logTime": "0114/041231", "correlationVector":"L+g+wUhKmqJy0lgJe1A/zE.20","action":"GetUpdates", "result":"DeleteReceived", "context":{"id":"ae176541-ee15-4e64-9e28-a759062e6303", "isDeleted:":"true", "version":"1733595147379"}}
{"logTime": "0114/041231", "correlationVector":"L+g+wUhKmqJy0lgJe1A/zE.21","action":"GetUpdates", "result":"DeleteReceived", "context":{"id":"9ff1c51e-5ff6-4396-ba5c-73f80f0dd0c3", "isDeleted:":"true", "version":"1733596159125"}}
{"logTime": "0114/041231", "correlationVector":"L+g+wUhKmqJy0lgJe1A/zE.22","action":"GetUpdates", "result":"DeleteReceived", "context":{"id":"d93a049e-88c4-4f1c-8c7a-d51dfd7e1ddd", "isDeleted:":"true", "version":"1733596838807"}}
{"logTime": "0114/041231", "correlationVector":"L+g+wUhKmqJy0lgJe1A/zE.23","action":"GetUpdates", "result":"DeleteReceived", "context":{"id":"fcfe3526-ad43-4593-93eb-3ada40a430c7", "isDeleted:":"true", "version":"1733627653099"}}
{"logTime": "0114/041231", "correlationVector":"L+g+wUhKmqJy0lgJe1A/zE.24","action":"GetUpdates", "result":"DeleteReceived", "context":{"id":"514dac6e-dd69-4325-91ca-f05b36bc6c91", "isDeleted:":"true", "version":"1733639055501"}}
{"logTime": "0114/041231", "correlationVector":"L+g+wUhKmqJy0lgJe1A/zE.25","action":"GetUpdates", "result":"DeleteReceived", "context":{"id":"d1f41f65-aeb4-4f1e-8869-431071965229", "isDeleted:":"true", "version":"1733645545186"}}
{"logTime": "0114/041231", "correlationVector":"L+g+wUhKmqJy0lgJe1A/zE.26","action":"GetUpdates", "result":"DeleteReceived", "context":{"id":"b485eead-341e-42a1-b30d-a9775f050ee7", "isDeleted:":"true", "version":"1733647776797"}}
{"logTime": "0114/041231", "correlationVector":"L+g+wUhKmqJy0lgJe1A/zE.27","action":"GetUpdates", "result":"DeleteReceived", "context":{"id":"53af3439-18d8-47cc-8eea-7f34cdafdc12", "isDeleted:":"true", "version":"1733678501190"}}
{"logTime": "0114/041231", "correlationVector":"L+g+wUhKmqJy0lgJe1A/zE.28","action":"GetUpdates", "result":"DeleteReceived", "context":{"id":"759c0dc4-c50e-4d0c-addd-a24df07dfb44", "isDeleted:":"true", "version":"1733724705980"}}
{"logTime": "0114/041231", "correlationVector":"L+g+wUhKmqJy0lgJe1A/zE.29","action":"GetUpdates", "result":"DeleteReceived", "context":{"id":"7627fc9e-ead9-477f-bd50-74d7a898dd81", "isDeleted:":"true", "version":"1733824411027"}}
{"logTime": "0114/041231", "correlationVector":"L+g+wUhKmqJy0lgJe1A/zE.30","action":"GetUpdates", "result":"DeleteReceived", "context":{"id":"aaf4de92-f86d-49fe-b3e5-c573e821620b", "isDeleted:":"true", "version":"1733824411028"}}
{"logTime": "0114/041231", "correlationVector":"L+g+wUhKmqJy0lgJe1A/zE.31","action":"GetUpdates", "result":"DeleteReceived", "context":{"id":"fa6133b4-9803-483c-af7c-ef627d0ea842", "isDeleted:":"true", "version":"1733826963146"}}
{"logTime": "0114/041231", "correlationVector":"L+g+wUhKmqJy0lgJe1A/zE.32","action":"GetUpdates", "result":"DeleteReceived", "context":{"id":"43dfef9e-4c88-44c5-9e36-e0f41549519e", "isDeleted:":"true", "version":"1733826963147"}}
{"logTime": "0114/041231", "correlationVector":"L+g+wUhKmqJy0lgJe1A/zE.33","action":"GetUpdates", "result":"DeleteReceived", "context":{"id":"b6905ec4-8767-48a8-af3e-dfba0c66a8f2", "isDeleted:":"true", "version":"1733830159279"}}
{"logTime": "0114/041231", "correlationVector":"L+g+wUhKmqJy0lgJe1A/zE.34","action":"GetUpdates", "result":"DeleteReceived", "context":{"id":"e40c6bbe-85c6-4f8a-b9ad-fe3e6a08d3cf", "isDeleted:":"true", "version":"1733830588880"}}
{"logTime": "0114/041231", "correlationVector":"L+g+wUhKmqJy0lgJe1A/zE.35","action":"GetUpdates", "result":"DeleteReceived", "context":{"id":"b6cbe946-1a79-46e9-9308-5fd8fce80736", "isDeleted:":"true", "version":"1733832091213"}}
{"logTime": "0114/041231", "correlationVector":"L+g+wUhKmqJy0lgJe1A/zE.36","action":"GetUpdates", "result":"DeleteReceived", "context":{"id":"4a7b8ead-1872-4196-bb9b-9ad4de533354", "isDeleted:":"true", "version":"1733850321919"}}
{"logTime": "0114/041231", "correlationVector":"L+g+wUhKmqJy0lgJe1A/zE.37","action":"GetUpdates", "result":"DeleteReceived", "context":{"id":"a4b91338-94d6-42f1-88aa-8ce55252f822", "isDeleted:":"true", "version":"1733927072298"}}
{"logTime": "0114/041231", "correlationVector":"L+g+wUhKmqJy0lgJe1A/zE.38","action":"GetUpdates", "result":"DeleteReceived", "context":{"id":"7089cf18-7158-4b02-a1b2-8ef382b5d982", "isDeleted:":"true", "version":"1733927072300"}}
{"logTime": "0114/041231", "correlationVector":"L+g+wUhKmqJy0lgJe1A/zE.39","action":"GetUpdates", "result":"DeleteReceived", "context":{"id":"50afa7f8-766f-47c9-a71e-cf2722fb4870", "isDeleted:":"true", "version":"1733927072301"}}
{"logTime": "0114/041231", "correlationVector":"L+g+wUhKmqJy0lgJe1A/zE.40","action":"GetUpdates", "result":"DeleteReceived", "context":{"id":"6954bbaf-67f3-47d6-be46-25e00426628b", "isDeleted:":"true", "version":"1733927072302"}}
{"logTime": "0114/041231", "correlationVector":"L+g+wUhKmqJy0lgJe1A/zE.41","action":"GetUpdates", "result":"DeleteReceived", "context":{"id":"22c9a7af-01bf-4206-ac54-c03e7a93dc2c", "isDeleted:":"true", "version":"1733933962995"}}
{"logTime": "0114/041231", "correlationVector":"L+g+wUhKmqJy0lgJe1A/zE.42","action":"GetUpdates", "result":"DeleteReceived", "context":{"id":"147915ab-4070-4c69-a09f-e3f11cdf2232", "isDeleted:":"true", "version":"1734059996390"}}
{"logTime": "0114/041231", "correlationVector":"L+g+wUhKmqJy0lgJe1A/zE.43","action":"GetUpdates", "result":"DeleteReceived", "context":{"id":"be3bfe38-86d3-44ad-b8c0-f96f17a5cf6a", "isDeleted:":"true", "version":"1734066247135"}}
{"logTime": "0114/041231", "correlationVector":"L+g+wUhKmqJy0lgJe1A/zE.44","action":"GetUpdates", "result":"DeleteReceived", "context":{"id":"7626bafc-41a1-4244-80e6-5f589992bf6f", "isDeleted:":"true", "version":"1734068707648"}}
{"logTime": "0114/041231", "correlationVector":"L+g+wUhKmqJy0lgJe1A/zE.45","action":"GetUpdates", "result":"DeleteReceived", "context":{"id":"ccf7d636-a648-49c1-9c67-29d1a796e482", "isDeleted:":"true", "version":"1734077621285"}}
{"logTime": "0114/041231", "correlationVector":"L+g+wUhKmqJy0lgJe1A/zE.46","action":"GetUpdates", "result":"DeleteReceived", "context":{"id":"fb45e605-13a7-4728-9967-0c681f86a6b7", "isDeleted:":"true", "version":"1734340267030"}}
{"logTime": "0114/041231", "correlationVector":"L+g+wUhKmqJy0lgJe1A/zE.47","action":"GetUpdates", "result":"DeleteReceived", "context":{"id":"998944cc-c2eb-4ec6-b193-f3f03aa57e8e", "isDeleted:":"true", "version":"1734350662494"}}
{"logTime": "0114/041231", "correlationVector":"L+g+wUhKmqJy0lgJe1A/zE.48","action":"GetUpdates", "result":"DeleteReceived", "context":{"id":"43d8d13d-c2b8-4679-9bb9-e10e0d81ba04", "isDeleted:":"true", "version":"1734350662496"}}
{"logTime": "0114/041231", "correlationVector":"L+g+wUhKmqJy0lgJe1A/zE.49","action":"GetUpdates", "result":"DeleteReceived", "context":{"id":"6bba2e28-fdb6-4ac8-9800-a1f691ff9acb", "isDeleted:":"true", "version":"1734352898215"}}
{"logTime": "0114/041231", "correlationVector":"L+g+wUhKmqJy0lgJe1A/zE.50","action":"GetUpdates", "result":"DeleteReceived", "context":{"id":"fc6a5eda-ac08-4b05-91d0-5b34469430a7", "isDeleted:":"true", "version":"1734353465676"}}
{"logTime": "0114/041231", "correlationVector":"L+g+wUhKmqJy0lgJe1A/zE.51","action":"GetUpdates", "result":"DeleteReceived", "context":{"id":"d68a3aa9-bdf4-4a2b-8e13-947042f6c364", "isDeleted:":"true", "version":"1734354211621"}}
{"logTime": "0114/041231", "correlationVector":"L+g+wUhKmqJy0lgJe1A/zE.52","action":"GetUpdates", "result":"DeleteReceived", "context":{"id":"64c1fecd-c6c9-4cab-922f-ecb000dd9c18", "isDeleted:":"true", "version":"1734362913782"}}
{"logTime": "0114/041231", "correlationVector":"L+g+wUhKmqJy0lgJe1A/zE.53","action":"GetUpdates", "result":"DeleteReceived", "context":{"id":"2deb5ca5-7584-4c77-822d-47245e5f4601", "isDeleted:":"true", "version":"1734363021457"}}
{"logTime": "0114/041231", "correlationVector":"L+g+wUhKmqJy0lgJe1A/zE.54","action":"GetUpdates", "result":"DeleteReceived", "context":{"id":"3ac035d6-a3c8-43ce-8cad-9a29ab5856a4", "isDeleted:":"true", "version":"1734363021458"}}
{"logTime": "0114/041231", "correlationVector":"L+g+wUhKmqJy0lgJe1A/zE.55","action":"GetUpdates", "result":"DeleteReceived", "context":{"id":"079b14a9-2053-4c2e-86af-18ed8c4acc53", "isDeleted:":"true", "version":"1734363021459"}}
{"logTime": "0114/041231", "correlationVector":"L+g+wUhKmqJy0lgJe1A/zE.56","action":"GetUpdates", "result":"DeleteReceived", "context":{"id":"96671b18-47cb-4bdc-addd-36f2b94972cb", "isDeleted:":"true", "version":"1734675539266"}}
{"logTime": "0114/041231", "correlationVector":"L+g+wUhKmqJy0lgJe1A/zE.57","action":"GetUpdates", "result":"DeleteReceived", "context":{"id":"0d1f95d8-4a5f-4098-a233-973122118f8d", "isDeleted:":"true", "version":"1734675638123"}}
{"logTime": "0114/041231", "correlationVector":"L+g+wUhKmqJy0lgJe1A/zE.58","action":"GetUpdates", "result":"DeleteReceived", "context":{"id":"350b0f35-7d19-474c-875f-e2c56e7b372e", "isDeleted:":"true", "version":"1734675832201"}}
{"logTime": "0114/041231", "correlationVector":"L+g+wUhKmqJy0lgJe1A/zE.59","action":"GetUpdates", "result":"DeleteReceived", "context":{"id":"6a922a11-c5f9-44fd-8e8c-2928d45bc57a", "isDeleted:":"true", "version":"1734676031579"}}
{"logTime": "0114/041231", "correlationVector":"L+g+wUhKmqJy0lgJe1A/zE.60","action":"GetUpdates", "result":"DeleteReceived", "context":{"id":"be939684-19b3-4ebf-b3ec-fbae48ab57cc", "isDeleted:":"true", "version":"1734676031581"}}
{"logTime": "0114/041231", "correlationVector":"L+g+wUhKmqJy0lgJe1A/zE.61","action":"GetUpdates", "result":"DeleteReceived", "context":{"id":"17946dd6-66c9-4320-af1d-ef9684e211d1", "isDeleted:":"true", "version":"1735068175902"}}
{"logTime": "0114/041231", "correlationVector":"L+g+wUhKmqJy0lgJe1A/zE.62","action":"GetUpdates", "result":"DeleteReceived", "context":{"id":"855a2b61-598c-4307-a597-43651dff41eb", "isDeleted:":"true", "version":"1735068175903"}}
{"logTime": "0114/041231", "correlationVector":"L+g+wUhKmqJy0lgJe1A/zE.63","action":"GetUpdates", "result":"DeleteReceived", "context":{"id":"565e6826-ad8a-4ea8-941c-409c78b1be17", "isDeleted:":"true", "version":"1735068175904"}}
{"logTime": "0114/041231", "correlationVector":"L+g+wUhKmqJy0lgJe1A/zE.64","action":"GetUpdates", "result":"DeleteReceived", "context":{"id":"5e8800ce-2eee-44da-bf57-48fe11706093", "isDeleted:":"true", "version":"1735068175906"}}
{"logTime": "0114/041231", "correlationVector":"L+g+wUhKmqJy0lgJe1A/zE.65","action":"GetUpdates", "result":"DeleteReceived", "context":{"id":"d7ec89ab-5a3f-4fd3-9094-4e81ab713a53", "isDeleted:":"true", "version":"1735068175907"}}
{"logTime": "0114/041231", "correlationVector":"L+g+wUhKmqJy0lgJe1A/zE.66","action":"GetUpdates", "result":"DeleteReceived", "context":{"id":"17fbe84b-d9c8-4fb9-b3b3-edd0a35bdb3e", "isDeleted:":"true", "version":"1735068175909"}}
{"logTime": "0114/041231", "correlationVector":"L+g+wUhKmqJy0lgJe1A/zE.67","action":"GetUpdates", "result":"DeleteReceived", "context":{"id":"c4ae661d-792d-41f7-ad63-fe939b08b331", "isDeleted:":"true", "version":"1735068175910"}}
{"logTime": "0114/041231", "correlationVector":"L+g+wUhKmqJy0lgJe1A/zE.68","action":"GetUpdates", "result":"DeleteReceived", "context":{"id":"d7778d4c-6844-477d-a5b2-971bdc6c9848", "isDeleted:":"true", "version":"1735122980155"}}
{"logTime": "0114/041231", "correlationVector":"L+g+wUhKmqJy0lgJe1A/zE.69","action":"GetUpdates", "result":"DeleteReceived", "context":{"id":"ed772244-978f-4999-b2d2-9d5729329c75", "isDeleted:":"true", "version":"1735122980156"}}
{"logTime": "0114/041231", "correlationVector":"L+g+wUhKmqJy0lgJe1A/zE.70","action":"GetUpdates", "result":"DeleteReceived", "context":{"id":"59c54475-2857-41c9-82a6-1de35f0bdcca", "isDeleted:":"true", "version":"1735123828740"}}
{"logTime": "0114/041231", "correlationVector":"L+g+wUhKmqJy0lgJe1A/zE.71","action":"GetUpdates", "result":"DeleteReceived", "context":{"id":"e20a7cb8-0420-4344-b75c-9889b630d8c3", "isDeleted:":"true", "version":"1735297992115"}}
{"logTime": "0114/041231", "correlationVector":"L+g+wUhKmqJy0lgJe1A/zE.72","action":"GetUpdates", "result":"DeleteReceived", "context":{"id":"de19908a-8e9c-4356-a80f-019c794b9ab3", "isDeleted:":"true", "version":"1735297992116"}}
{"logTime": "0114/041231", "correlationVector":"L+g+wUhKmqJy0lgJe1A/zE.73","action":"GetUpdates", "result":"DeleteReceived", "context":{"id":"825f3251-e133-4303-8992-7be663b0535c", "isDeleted:":"true", "version":"1735297992117"}}
{"logTime": "0114/041231", "correlationVector":"L+g+wUhKmqJy0lgJe1A/zE.74","action":"GetUpdates", "result":"DeleteReceived", "context":{"id":"8d17260e-e950-44b5-8ded-e338c9b5294e", "isDeleted:":"true", "version":"1735328585610"}}
{"logTime": "0114/041231", "correlationVector":"L+g+wUhKmqJy0lgJe1A/zE.75","action":"GetUpdates", "result":"DeleteReceived", "context":{"id":"0542910a-edb7-42ff-8cd5-f3fb720af7e8", "isDeleted:":"true", "version":"1735356192548"}}
{"logTime": "0114/041231", "correlationVector":"L+g+wUhKmqJy0lgJe1A/zE.76","action":"GetUpdates", "result":"DeleteReceived", "context":{"id":"632d4530-5ce2-4cff-ae18-d3c4f75ccdb6", "isDeleted:":"true", "version":"1735358921575"}}
{"logTime": "0114/041231", "correlationVector":"L+g+wUhKmqJy0lgJe1A/zE.77","action":"GetUpdates", "result":"DeleteReceived", "context":{"id":"412c13c2-c7b8-4dc2-b101-7b877b0c6b3b", "isDeleted:":"true", "version":"1735452696388"}}
{"logTime": "0114/041231", "correlationVector":"L+g+wUhKmqJy0lgJe1A/zE.78","action":"GetUpdates", "result":"DeleteReceived", "context":{"id":"582b3dc0-bf78-41f6-9ee1-93663723c5a5", "isDeleted:":"true", "version":"1735453218024"}}
{"logTime": "0114/041231", "correlationVector":"L+g+wUhKmqJy0lgJe1A/zE.79","action":"GetUpdates", "result":"DeleteReceived", "context":{"id":"583fe5a1-d0c3-4281-9d03-6ee56cfc6095", "isDeleted:":"true", "version":"1735474780719"}}
{"logTime": "0114/041231", "correlationVector":"L+g+wUhKmqJy0lgJe1A/zE.80","action":"GetUpdates", "result":"DeleteReceived", "context":{"id":"b741f7b5-8950-475c-8d14-6760d5db9789", "isDeleted:":"true", "version":"1735476652346"}}
{"logTime": "0114/041231", "correlationVector":"L+g+wUhKmqJy0lgJe1A/zE.81","action":"GetUpdates", "result":"DeleteReceived", "context":{"id":"efb5ead9-2142-4c08-a86b-ba2a4ddef761", "isDeleted:":"true", "version":"1735476652348"}}
{"logTime": "0114/041231", "correlationVector":"L+g+wUhKmqJy0lgJe1A/zE.82","action":"GetUpdates", "result":"DeleteReceived", "context":{"id":"876b156a-cbcb-4aa9-badb-17d8eebeb292", "isDeleted:":"true", "version":"1735476652349"}}
{"logTime": "0114/041231", "correlationVector":"L+g+wUhKmqJy0lgJe1A/zE.83","action":"GetUpdates", "result":"DeleteReceived", "context":{"id":"cd95a22b-850b-4f8d-99db-469e5f794802", "isDeleted:":"true", "version":"1735476652350"}}
{"logTime": "0114/041231", "correlationVector":"L+g+wUhKmqJy0lgJe1A/zE.84","action":"GetUpdates", "result":"DeleteReceived", "context":{"id":"5f59318e-1742-4b43-a1cd-ca09a6f0ad94", "isDeleted:":"true", "version":"1735476652351"}}
{"logTime": "0114/041231", "correlationVector":"L+g+wUhKmqJy0lgJe1A/zE.85","action":"GetUpdates", "result":"DeleteReceived", "context":{"id":"51310d3f-8582-4358-90cd-eb3575b7d11b", "isDeleted:":"true", "version":"1735476740576"}}
{"logTime": "0114/041231", "correlationVector":"L+g+wUhKmqJy0lgJe1A/zE.86","action":"GetUpdates", "result":"DeleteReceived", "context":{"id":"524e81b8-b961-4b91-8449-cb45baf85068", "isDeleted:":"true", "version":"1735478337361"}}
{"logTime": "0114/041231", "correlationVector":"L+g+wUhKmqJy0lgJe1A/zE.87","action":"GetUpdates", "result":"DeleteReceived", "context":{"id":"c76a3ad1-870d-443d-9197-226dea1e02bf", "isDeleted:":"true", "version":"1735478337364"}}
{"logTime": "0114/041231", "correlationVector":"L+g+wUhKmqJy0lgJe1A/zE.88","action":"GetUpdates", "result":"DeleteReceived", "context":{"id":"b4bc4ac7-9dea-4c50-817c-f72a7f178b19", "isDeleted:":"true", "version":"1735478416667"}}
{"logTime": "0114/041231", "correlationVector":"L+g+wUhKmqJy0lgJe1A/zE.89","action":"GetUpdates", "result":"DeleteReceived", "context":{"id":"7c1ba798-534b-42da-8953-d9e625089dbb", "isDeleted:":"true", "version":"1735711996516"}}
{"logTime": "0114/041231", "correlationVector":"L+g+wUhKmqJy0lgJe1A/zE.90","action":"GetUpdates", "result":"DeleteReceived", "context":{"id":"7889b17e-537d-4eb7-8c90-8ac024ea0c3c", "isDeleted:":"true", "version":"1735721668516"}}
{"logTime": "0114/041231", "correlationVector":"L+g+wUhKmqJy0lgJe1A/zE.91","action":"GetUpdates", "result":"DeleteReceived", "context":{"id":"377bf7b2-ef2b-42c5-9688-04e4bea15019", "isDeleted:":"true", "version":"1735728202666"}}
{"logTime": "0114/041231", "correlationVector":"L+g+wUhKmqJy0lgJe1A/zE.92","action":"GetUpdates", "result":"DeleteReceived", "context":{"id":"928c3f51-4782-4bd1-80e9-da0420d13b83", "isDeleted:":"true", "version":"1735728202668"}}
{"logTime": "0114/041231", "correlationVector":"L+g+wUhKmqJy0lgJe1A/zE.93","action":"GetUpdates", "result":"DeleteReceived", "context":{"id":"153cc2b2-690a-40d8-9c7a-40baa84fb820", "isDeleted:":"true", "version":"1735729432345"}}
{"logTime": "0114/041231", "correlationVector":"L+g+wUhKmqJy0lgJe1A/zE.94","action":"GetUpdates", "result":"DeleteReceived", "context":{"id":"daadb36d-7cb4-4e51-a144-47ac56b3cb6d", "isDeleted:":"true", "version":"1735729844424"}}
{"logTime": "0114/041231", "correlationVector":"L+g+wUhKmqJy0lgJe1A/zE.95","action":"GetUpdates", "result":"DeleteReceived", "context":{"id":"e79542a9-0cf7-4383-8ac9-0150aeada0ea", "isDeleted:":"true", "version":"1735745560584"}}
{"logTime": "0114/041231", "correlationVector":"L+g+wUhKmqJy0lgJe1A/zE.96","action":"GetUpdates", "result":"DeleteReceived", "context":{"id":"8c3d9c54-e4e9-4d52-a968-e8584fd52094", "isDeleted:":"true", "version":"1735745560586"}}
{"logTime": "0114/041231", "correlationVector":"L+g+wUhKmqJy0lgJe1A/zE.97","action":"GetUpdates", "result":"DeleteReceived", "context":{"id":"8bad84a4-7973-429e-b412-135952c34786", "isDeleted:":"true", "version":"1735745866190"}}
{"logTime": "0114/041231", "correlationVector":"L+g+wUhKmqJy0lgJe1A/zE.98","action":"GetUpdates", "result":"DeleteReceived", "context":{"id":"77b33ba1-0284-4189-a003-a870831bd2e6", "isDeleted:":"true", "version":"1735746035444"}}
{"logTime": "0114/041231", "correlationVector":"L+g+wUhKmqJy0lgJe1A/zE.99","action":"GetUpdates", "result":"DeleteReceived", "context":{"id":"ebec5552-aef2-47c6-a14a-605067c334b5", "isDeleted:":"true", "version":"1735746298177"}}
{"logTime": "0114/041231", "correlationVector":"L+g+wUhKmqJy0lgJe1A/zE.100","action":"GetUpdates", "result":"DeleteReceived", "context":{"id":"a8ecaf84-e05e-4c6a-9b5a-aaadbca5a7e8", "isDeleted:":"true", "version":"1735746371351"}}
{"logTime": "0114/041231", "correlationVector":"L+g+wUhKmqJy0lgJe1A/zE.101","action":"GetUpdates", "result":"DeleteReceived", "context":{"id":"cc7d8e50-d92f-4079-8fca-07faa06dee8b", "isDeleted:":"true", "version":"1735746629939"}}
{"logTime": "0114/041231", "correlationVector":"L+g+wUhKmqJy0lgJe1A/zE.102","action":"GetUpdates", "result":"DeleteReceived", "context":{"id":"0c4ac86a-c7cf-4042-b6e3-879b80786bf9", "isDeleted:":"true", "version":"1735746760011"}}
{"logTime": "0114/041231", "correlationVector":"L+g+wUhKmqJy0lgJe1A/zE.103","action":"GetUpdates", "result":"DeleteReceived", "context":{"id":"9a2e919a-ba4d-4282-821e-6a3c15022a82", "isDeleted:":"true", "version":"1735746886116"}}
{"logTime": "0114/041231", "correlationVector":"L+g+wUhKmqJy0lgJe1A/zE.104","action":"GetUpdates", "result":"DeleteReceived", "context":{"id":"ce2a972d-563a-4fec-a691-7957e85580fc", "isDeleted:":"true", "version":"1735747282026"}}
{"logTime": "0114/041231", "correlationVector":"L+g+wUhKmqJy0lgJe1A/zE.105","action":"GetUpdates", "result":"DeleteReceived", "context":{"id":"96210a2a-88c8-4f28-b8e6-27f2a6e4b526", "isDeleted:":"true", "version":"1735748495929"}}
{"logTime": "0114/041231", "correlationVector":"L+g+wUhKmqJy0lgJe1A/zE.106","action":"GetUpdates", "result":"DeleteReceived", "context":{"id":"08620ce6-3441-4dc5-a711-b70180357921", "isDeleted:":"true", "version":"1735748928710"}}
{"logTime": "0114/041231", "correlationVector":"L+g+wUhKmqJy0lgJe1A/zE.107","action":"GetUpdates", "result":"DeleteReceived", "context":{"id":"67f2136b-a760-4bf4-a95c-a58b11d7cd28", "isDeleted:":"true", "version":"1735753131012"}}
{"logTime": "0114/041231", "correlationVector":"L+g+wUhKmqJy0lgJe1A/zE.108","action":"GetUpdates", "result":"DeleteReceived", "context":{"id":"8ab10132-9776-4ac0-8c4f-5e64609ea828", "isDeleted:":"true", "version":"1735753131013"}}
{"logTime": "0114/041231", "correlationVector":"L+g+wUhKmqJy0lgJe1A/zE.109","action":"GetUpdates", "result":"DeleteReceived", "context":{"id":"0050ccb7-ed28-4c7b-a327-b7e299c97e93", "isDeleted:":"true", "version":"1735753850636"}}
{"logTime": "0114/041231", "correlationVector":"L+g+wUhKmqJy0lgJe1A/zE.110","action":"GetUpdates", "result":"DeleteReceived", "context":{"id":"26ece814-151e-4570-a063-ed6ff31e4b15", "isDeleted:":"true", "version":"1735908368900"}}
{"logTime": "0114/041231", "correlationVector":"L+g+wUhKmqJy0lgJe1A/zE.111","action":"GetUpdates", "result":"DeleteReceived", "context":{"id":"0f6ed547-b77f-4b80-9477-2f231dfbed79", "isDeleted:":"true", "version":"1735908368901"}}
{"logTime": "0114/041231", "correlationVector":"L+g+wUhKmqJy0lgJe1A/zE.112","action":"GetUpdates", "result":"DeleteReceived", "context":{"id":"faa22037-bdf9-43fc-b044-94338b897797", "isDeleted:":"true", "version":"1735911304677"}}
{"logTime": "0114/041231", "correlationVector":"L+g+wUhKmqJy0lgJe1A/zE.113","action":"GetUpdates", "result":"DeleteReceived", "context":{"id":"296be6fe-aebc-4321-b0f3-81d79a9ab53e", "isDeleted:":"true", "version":"1735911513056"}}
{"logTime": "0114/041231", "correlationVector":"L+g+wUhKmqJy0lgJe1A/zE.114","action":"GetUpdates", "result":"DeleteReceived", "context":{"id":"224b38dd-c1c7-41a7-baac-5ed344d16fb5", "isDeleted:":"true", "version":"1735972689275"}}
{"logTime": "0114/041231", "correlationVector":"L+g+wUhKmqJy0lgJe1A/zE.115","action":"GetUpdates", "result":"DeleteReceived", "context":{"id":"f88cb918-30f2-4722-a559-97abcada32cf", "isDeleted:":"true", "version":"1735972689276"}}
{"logTime": "0114/041231", "correlationVector":"L+g+wUhKmqJy0lgJe1A/zE.116","action":"GetUpdates", "result":"DeleteReceived", "context":{"id":"2bdb1a97-8749-49d3-9b72-f35b4d81585d", "isDeleted:":"true", "version":"1735985037326"}}
{"logTime": "0114/041231", "correlationVector":"L+g+wUhKmqJy0lgJe1A/zE.117","action":"GetUpdates", "result":"DeleteReceived", "context":{"id":"317dba94-b085-4cc6-a5f3-e823ad1ca002", "isDeleted:":"true", "version":"1735985037327"}}
{"logTime": "0114/041231", "correlationVector":"L+g+wUhKmqJy0lgJe1A/zE.118","action":"GetUpdates", "result":"DeleteReceived", "context":{"id":"590c3511-3995-4f85-b7a6-eb1ce3304f8d", "isDeleted:":"true", "version":"1735985049286"}}
{"logTime": "0114/041231", "correlationVector":"L+g+wUhKmqJy0lgJe1A/zE.119","action":"GetUpdates", "result":"DeleteReceived", "context":{"id":"ce3bafcc-a5ab-4d2d-b6f8-3b7242b120cd", "isDeleted:":"true", "version":"1735985066498"}}
{"logTime": "0114/041231", "correlationVector":"L+g+wUhKmqJy0lgJe1A/zE.120","action":"GetUpdates", "result":"DeleteReceived", "context":{"id":"4638696a-dbd8-4ad9-af91-4d266f85f817", "isDeleted:":"true", "version":"1735985133002"}}
{"logTime": "0114/041231", "correlationVector":"L+g+wUhKmqJy0lgJe1A/zE.121","action":"GetUpdates", "result":"DeleteReceived", "context":{"id":"7d2334e0-ad08-4d63-8738-ff340968a74a", "isDeleted:":"true", "version":"1735985145445"}}
{"logTime": "0114/041231", "correlationVector":"L+g+wUhKmqJy0lgJe1A/zE.122","action":"GetUpdates", "result":"DeleteReceived", "context":{"id":"7984029a-7a49-47bd-bc6e-cb5f44e6badf", "isDeleted:":"true", "version":"1735985156890"}}
{"logTime": "0114/041231", "correlationVector":"L+g+wUhKmqJy0lgJe1A/zE.123","action":"GetUpdates", "result":"DeleteReceived", "context":{"id":"72c99c0c-d11c-4559-b809-f42e93b249ba", "isDeleted:":"true", "version":"1735985188676"}}
{"logTime": "0114/041231", "correlationVector":"L+g+wUhKmqJy0lgJe1A/zE.124","action":"GetUpdates", "result":"DeleteReceived", "context":{"id":"2888f4d0-8316-42d8-9c1f-0b904eb452aa", "isDeleted:":"true", "version":"1735995415671"}}
{"logTime": "0114/041231", "correlationVector":"L+g+wUhKmqJy0lgJe1A/zE.125","action":"GetUpdates", "result":"DeleteReceived", "context":{"id":"9142baaa-b760-4cc7-a5dd-b3a603644191", "isDeleted:":"true", "version":"1735996476159"}}
{"logTime": "0114/041231", "correlationVector":"L+g+wUhKmqJy0lgJe1A/zE.126","action":"GetUpdates", "result":"DeleteReceived", "context":{"id":"f294fe17-f30f-4ff0-81de-7ab28b2d54fc", "isDeleted:":"true", "version":"1735996514005"}}
{"logTime": "0114/041231", "correlationVector":"L+g+wUhKmqJy0lgJe1A/zE.127","action":"GetUpdates", "result":"DeleteReceived", "context":{"id":"6fef2d9a-9e7e-461f-b915-6c1c0c23c0a2", "isDeleted:":"true", "version":"1735997474590"}}
{"logTime": "0114/041231", "correlationVector":"L+g+wUhKmqJy0lgJe1A/zE.128","action":"GetUpdates", "result":"DeleteReceived", "context":{"id":"bc152337-e182-4b50-99ba-b28d4d341b3f", "isDeleted:":"true", "version":"1736047429912"}}
{"logTime": "0114/041231", "correlationVector":"L+g+wUhKmqJy0lgJe1A/zE.129","action":"GetUpdates", "result":"DeleteReceived", "context":{"id":"49061857-70dd-4e38-8dc6-84e63e31915c", "isDeleted:":"true", "version":"1736075084470"}}
{"logTime": "0114/041231", "correlationVector":"L+g+wUhKmqJy0lgJe1A/zE.130","action":"GetUpdates", "result":"DeleteReceived", "context":{"id":"348d38e3-5607-480a-a323-2a4d86c4c6e0", "isDeleted:":"true", "version":"1736075115023"}}
{"logTime": "0114/041231", "correlationVector":"L+g+wUhKmqJy0lgJe1A/zE.131","action":"GetUpdates", "result":"DeleteReceived", "context":{"id":"64ad3edf-46f4-44c6-b36e-380d98e3a954", "isDeleted:":"true", "version":"1736076187649"}}
{"logTime": "0114/041231", "correlationVector":"L+g+wUhKmqJy0lgJe1A/zE.132","action":"GetUpdates", "result":"DeleteReceived", "context":{"id":"f9e56921-0621-45f7-9bfe-38d0dee98a87", "isDeleted:":"true", "version":"1736077219352"}}
{"logTime": "0114/041231", "correlationVector":"L+g+wUhKmqJy0lgJe1A/zE.133","action":"GetUpdates", "result":"DeleteReceived", "context":{"id":"1dac3671-1cd7-4b5d-b15e-b5cbea2c0ba0", "isDeleted:":"true", "version":"1736077219353"}}
{"logTime": "0114/041231", "correlationVector":"L+g+wUhKmqJy0lgJe1A/zE.134","action":"GetUpdates", "result":"DeleteReceived", "context":{"id":"97404aa1-eaf2-4d84-aee9-34a1441adf55", "isDeleted:":"true", "version":"1736077371667"}}
{"logTime": "0114/041231", "correlationVector":"L+g+wUhKmqJy0lgJe1A/zE.135","action":"GetUpdates", "result":"DeleteReceived", "context":{"id":"9a588ec5-db70-43db-ada3-88465df08c4e", "isDeleted:":"true", "version":"1736083867085"}}
{"logTime": "0114/041231", "correlationVector":"L+g+wUhKmqJy0lgJe1A/zE.136","action":"GetUpdates", "result":"DeleteReceived", "context":{"id":"852bf4a0-4fbd-4ffa-9673-5fd3a070f3b2", "isDeleted:":"true", "version":"1736084419274"}}
{"logTime": "0114/041231", "correlationVector":"L+g+wUhKmqJy0lgJe1A/zE.137","action":"GetUpdates", "result":"DeleteReceived", "context":{"id":"1f350c9c-af35-4aa1-9f5c-f37ffe58f8a7", "isDeleted:":"true", "version":"1736085835235"}}
{"logTime": "0114/041231", "correlationVector":"L+g+wUhKmqJy0lgJe1A/zE.138","action":"GetUpdates", "result":"DeleteReceived", "context":{"id":"9587694d-ca29-4ece-9a59-df108115dbff", "isDeleted:":"true", "version":"1736085975833"}}
{"logTime": "0114/041231", "correlationVector":"L+g+wUhKmqJy0lgJe1A/zE.139","action":"GetUpdates", "result":"DeleteReceived", "context":{"id":"57094b3d-7c3a-4625-b1d1-492380a132d3", "isDeleted:":"true", "version":"1736086456131"}}
{"logTime": "0114/041231", "correlationVector":"L+g+wUhKmqJy0lgJe1A/zE.140","action":"GetUpdates", "result":"DeleteReceived", "context":{"id":"a04bb287-922a-43ef-8b11-183611049dd7", "isDeleted:":"true", "version":"1736087085435"}}
{"logTime": "0114/041231", "correlationVector":"L+g+wUhKmqJy0lgJe1A/zE.141","action":"GetUpdates", "result":"DeleteReceived", "context":{"id":"d60deb7f-1296-41a3-a1f6-d93921e17c8c", "isDeleted:":"true", "version":"1736088209649"}}
{"logTime": "0114/041231", "correlationVector":"L+g+wUhKmqJy0lgJe1A/zE.142","action":"GetUpdates", "result":"DeleteReceived", "context":{"id":"37a735b9-6b8c-4113-9c2a-03e531da6952", "isDeleted:":"true", "version":"1736088209651"}}
{"logTime": "0114/041231", "correlationVector":"L+g+wUhKmqJy0lgJe1A/zE.143","action":"GetUpdates", "result":"DeleteReceived", "context":{"id":"7827c291-3181-4cc7-9d03-3d3497a91b25", "isDeleted:":"true", "version":"1736088209652"}}
{"logTime": "0114/041231", "correlationVector":"L+g+wUhKmqJy0lgJe1A/zE.144","action":"GetUpdates", "result":"DeleteReceived", "context":{"id":"7e5d7b4d-5623-4cb7-9a97-0a192d16b116", "isDeleted:":"true", "version":"1736088209653"}}
{"logTime": "0114/041231", "correlationVector":"L+g+wUhKmqJy0lgJe1A/zE.145","action":"GetUpdates", "result":"DeleteReceived", "context":{"id":"95363a79-0d23-49c9-a061-aa62b8131597", "isDeleted:":"true", "version":"1736088241371"}}
{"logTime": "0114/041231", "correlationVector":"L+g+wUhKmqJy0lgJe1A/zE.146","action":"GetUpdates", "result":"DeleteReceived", "context":{"id":"5fa95ff9-7516-4aa5-a5c4-fa1cacb68e9a", "isDeleted:":"true", "version":"1736088571904"}}
{"logTime": "0114/041231", "correlationVector":"L+g+wUhKmqJy0lgJe1A/zE.147","action":"GetUpdates", "result":"DeleteReceived", "context":{"id":"467d87eb-b583-4992-b5e6-ee5c7d9ceb38", "isDeleted:":"true", "version":"1736088571905"}}
{"logTime": "0114/041231", "correlationVector":"L+g+wUhKmqJy0lgJe1A/zE.148","action":"GetUpdates", "result":"DeleteReceived", "context":{"id":"fd1565bd-f2e1-4b53-957e-02a2eec6518c", "isDeleted:":"true", "version":"1736089465626"}}
{"logTime": "0114/041231", "correlationVector":"L+g+wUhKmqJy0lgJe1A/zE.149","action":"GetUpdates", "result":"DeleteReceived", "context":{"id":"fb98ca22-f570-4ec6-aab8-08818bc6c89a", "isDeleted:":"true", "version":"1736089465627"}}
{"logTime": "0114/041231", "correlationVector":"L+g+wUhKmqJy0lgJe1A/zE.150","action":"GetUpdates", "result":"DeleteReceived", "context":{"id":"158e18d4-d627-4d0a-8ddb-dcdddc5e58f8", "isDeleted:":"true", "version":"1736090465640"}}
{"logTime": "0114/041231", "correlationVector":"L+g+wUhKmqJy0lgJe1A/zE.151","action":"GetUpdates", "result":"DeleteReceived", "context":{"id":"87e21281-93b0-4ab1-835d-375a6f1acdcf", "isDeleted:":"true", "version":"1736091026671"}}
{"logTime": "0114/041231", "correlationVector":"L+g+wUhKmqJy0lgJe1A/zE.152","action":"GetUpdates", "result":"DeleteReceived", "context":{"id":"aaaa678d-a6d8-4ddc-809f-0c9654f0e6b0", "isDeleted:":"true", "version":"1736091093646"}}
{"logTime": "0114/041231", "correlationVector":"L+g+wUhKmqJy0lgJe1A/zE.153","action":"GetUpdates", "result":"DeleteReceived", "context":{"id":"19bc8bf1-646c-4629-9e33-83a91e830140", "isDeleted:":"true", "version":"1736091624140"}}
{"logTime": "0114/041231", "correlationVector":"L+g+wUhKmqJy0lgJe1A/zE.154","action":"GetUpdates", "result":"DeleteReceived", "context":{"id":"77e16abc-ffbf-4811-9e0a-daefd2dc1a7b", "isDeleted:":"true", "version":"1736091624141"}}
{"logTime": "0114/041231", "correlationVector":"L+g+wUhKmqJy0lgJe1A/zE.155","action":"GetUpdates", "result":"DeleteReceived", "context":{"id":"7f60d891-5995-46ef-99b3-37912705f2e3", "isDeleted:":"true", "version":"1736094917034"}}
{"logTime": "0114/041231", "correlationVector":"L+g+wUhKmqJy0lgJe1A/zE.156","action":"GetUpdates", "result":"DeleteReceived", "context":{"id":"b1a1aece-39c2-4291-8960-0802fdd09502", "isDeleted:":"true", "version":"1736097314454"}}
{"logTime": "0114/041231", "correlationVector":"L+g+wUhKmqJy0lgJe1A/zE.157","action":"GetUpdates", "result":"DeleteReceived", "context":{"id":"26cb41a3-6c6d-4e68-851f-5a1425b3acb9", "isDeleted:":"true", "version":"1736097314455"}}
{"logTime": "0114/041231", "correlationVector":"L+g+wUhKmqJy0lgJe1A/zE.158","action":"GetUpdates", "result":"DeleteReceived", "context":{"id":"f7e6242d-1c00-436a-b3af-e8bfba90ff88", "isDeleted:":"true", "version":"1736097314458"}}
{"logTime": "0114/041231", "correlationVector":"L+g+wUhKmqJy0lgJe1A/zE.159","action":"GetUpdates", "result":"DeleteReceived", "context":{"id":"370619e9-36bc-4d62-a44a-bc92c2c1e98b", "isDeleted:":"true", "version":"1736097314459"}}
{"logTime": "0114/041231", "correlationVector":"L+g+wUhKmqJy0lgJe1A/zE.160","action":"GetUpdates", "result":"DeleteReceived", "context":{"id":"c2886da6-73e6-4479-a403-0c54c75dfbd4", "isDeleted:":"true", "version":"1736100217016"}}
{"logTime": "0114/041231", "correlationVector":"L+g+wUhKmqJy0lgJe1A/zE.161","action":"GetUpdates", "result":"DeleteReceived", "context":{"id":"68a55361-a4b6-49b3-8d80-bcb9792f217f", "isDeleted:":"true", "version":"1736100507334"}}
{"logTime": "0114/041231", "correlationVector":"L+g+wUhKmqJy0lgJe1A/zE.162","action":"GetUpdates", "result":"DeleteReceived", "context":{"id":"7303b92e-d9b4-4d1d-9911-0176abf1a91c", "isDeleted:":"true", "version":"1736100681150"}}
{"logTime": "0114/041231", "correlationVector":"L+g+wUhKmqJy0lgJe1A/zE.163","action":"GetUpdates", "result":"DeleteReceived", "context":{"id":"36b711d3-880c-49e5-8e15-0e54f67af54d", "isDeleted:":"true", "version":"1736133558594"}}
{"logTime": "0114/041231", "correlationVector":"L+g+wUhKmqJy0lgJe1A/zE.164","action":"GetUpdates", "result":"DeleteReceived", "context":{"id":"c727da0d-a1e0-4e74-be23-419fd46da143", "isDeleted:":"true", "version":"1736133858569"}}
{"logTime": "0114/041231", "correlationVector":"L+g+wUhKmqJy0lgJe1A/zE.165","action":"GetUpdates", "result":"DeleteReceived", "context":{"id":"50874f50-2dee-4d74-9c57-74bd53325fdb", "isDeleted:":"true", "version":"1736134010894"}}
{"logTime": "0114/041231", "correlationVector":"L+g+wUhKmqJy0lgJe1A/zE.166","action":"GetUpdates", "result":"DeleteReceived", "context":{"id":"b71eb5a9-447c-44d8-b178-8ee0bdf4ed33", "isDeleted:":"true", "version":"1736134112845"}}
{"logTime": "0114/041231", "correlationVector":"L+g+wUhKmqJy0lgJe1A/zE.167","action":"GetUpdates", "result":"DeleteReceived", "context":{"id":"2dbc1005-8ecc-4246-b67f-06491d5a54ea", "isDeleted:":"true", "version":"1736134503480"}}
{"logTime": "0114/041231", "correlationVector":"L+g+wUhKmqJy0lgJe1A/zE.168","action":"GetUpdates", "result":"DeleteReceived", "context":{"id":"d26a476a-da54-4a04-8e93-ee671284af1a", "isDeleted:":"true", "version":"1736135093869"}}
{"logTime": "0114/041231", "correlationVector":"L+g+wUhKmqJy0lgJe1A/zE.169","action":"GetUpdates", "result":"DeleteReceived", "context":{"id":"05b6fd3c-cb8b-4c3f-9c6f-b281a8458674", "isDeleted:":"true", "version":"1736135249330"}}
{"logTime": "0114/041231", "correlationVector":"L+g+wUhKmqJy0lgJe1A/zE.170","action":"GetUpdates", "result":"DeleteReceived", "context":{"id":"582b0bc9-c6e2-4220-b5bb-832543f26e94", "isDeleted:":"true", "version":"1736138364370"}}
{"logTime": "0114/041231", "correlationVector":"L+g+wUhKmqJy0lgJe1A/zE.171","action":"GetUpdates", "result":"DeleteReceived", "context":{"id":"4007e8d6-306e-4025-9f47-1f5118a9e20e", "isDeleted:":"true", "version":"1736138649834"}}
{"logTime": "0114/041231", "correlationVector":"L+g+wUhKmqJy0lgJe1A/zE.172","action":"GetUpdates", "result":"DeleteReceived", "context":{"id":"2dbead93-8331-4b59-aef9-5ade6015d038", "isDeleted:":"true", "version":"1736138809225"}}
{"logTime": "0114/041231", "correlationVector":"L+g+wUhKmqJy0lgJe1A/zE.173","action":"GetUpdates", "result":"DeleteReceived", "context":{"id":"c94eb9e4-eace-43e6-bb42-a1c7a352be42", "isDeleted:":"true", "version":"1736138899462"}}
{"logTime": "0114/041231", "correlationVector":"L+g+wUhKmqJy0lgJe1A/zE.174","action":"GetUpdates", "result":"DeleteReceived", "context":{"id":"8ffcda08-71c6-48e2-bc24-655bbd2a2726", "isDeleted:":"true", "version":"1736139110877"}}
{"logTime": "0114/041231", "correlationVector":"L+g+wUhKmqJy0lgJe1A/zE.175","action":"GetUpdates", "result":"DeleteReceived", "context":{"id":"385a7b6d-5cdf-475a-8a01-5a14adcf1716", "isDeleted:":"true", "version":"1736139407691"}}
{"logTime": "0114/041231", "correlationVector":"L+g+wUhKmqJy0lgJe1A/zE.176","action":"GetUpdates", "result":"DeleteReceived", "context":{"id":"757f653c-c8f8-453a-bb4e-830800733a12", "isDeleted:":"true", "version":"1736139515701"}}
{"logTime": "0114/041231", "correlationVector":"L+g+wUhKmqJy0lgJe1A/zE.177","action":"GetUpdates", "result":"DeleteReceived", "context":{"id":"d0bd50bb-352b-4c54-b840-a896ed0087e5", "isDeleted:":"true", "version":"1736139666635"}}
{"logTime": "0114/041231", "correlationVector":"L+g+wUhKmqJy0lgJe1A/zE.178","action":"GetUpdates", "result":"DeleteReceived", "context":{"id":"5839d178-fa88-4282-a662-2f00a23775ee", "isDeleted:":"true", "version":"1736140791868"}}
{"logTime": "0114/041231", "correlationVector":"L+g+wUhKmqJy0lgJe1A/zE.179","action":"GetUpdates", "result":"DeleteReceived", "context":{"id":"0b9c9ced-c469-44ea-87a3-5138229d15d8", "isDeleted:":"true", "version":"1736141798613"}}
{"logTime": "0114/041231", "correlationVector":"L+g+wUhKmqJy0lgJe1A/zE.180","action":"GetUpdates", "result":"DeleteReceived", "context":{"id":"6ed02fdf-59dc-4167-973b-a66dcef08498", "isDeleted:":"true", "version":"1736143113068"}}
{"logTime": "0114/041231", "correlationVector":"L+g+wUhKmqJy0lgJe1A/zE.181","action":"GetUpdates", "result":"DeleteReceived", "context":{"id":"777db3ea-b3c1-4c0a-8122-49fef4cf2de1", "isDeleted:":"true", "version":"1736143915121"}}
{"logTime": "0114/041231", "correlationVector":"L+g+wUhKmqJy0lgJe1A/zE.182","action":"GetUpdates", "result":"DeleteReceived", "context":{"id":"03e0fca4-a9b2-42d6-81d6-c03b5136d47d", "isDeleted:":"true", "version":"1736143915122"}}
{"logTime": "0114/041231", "correlationVector":"L+g+wUhKmqJy0lgJe1A/zE.183","action":"GetUpdates", "result":"DeleteReceived", "context":{"id":"7590a5a7-654e-4e52-bcc7-6bf8da4cb6d8", "isDeleted:":"true", "version":"1736143945963"}}
{"logTime": "0114/041231", "correlationVector":"L+g+wUhKmqJy0lgJe1A/zE.184","action":"GetUpdates", "result":"DeleteReceived", "context":{"id":"bc865acd-d1b7-4e4d-8606-a390703287b7", "isDeleted:":"true", "version":"1736144391372"}}
{"logTime": "0114/041231", "correlationVector":"L+g+wUhKmqJy0lgJe1A/zE.185","action":"GetUpdates", "result":"DeleteReceived", "context":{"id":"7cb87a06-89d0-4148-bdb7-ed9e91cb974a", "isDeleted:":"true", "version":"1736144756237"}}
{"logTime": "0114/041231", "correlationVector":"L+g+wUhKmqJy0lgJe1A/zE.186","action":"GetUpdates", "result":"DeleteReceived", "context":{"id":"8a66b74f-087a-40dd-a014-4c2f9dcc1f89", "isDeleted:":"true", "version":"1736144786907"}}
{"logTime": "0114/041231", "correlationVector":"L+g+wUhKmqJy0lgJe1A/zE.187","action":"GetUpdates", "result":"DeleteReceived", "context":{"id":"d25535f0-cd70-495d-b301-9cae95f362e0", "isDeleted:":"true", "version":"1736145013600"}}
{"logTime": "0114/041231", "correlationVector":"L+g+wUhKmqJy0lgJe1A/zE.188","action":"GetUpdates", "result":"DeleteReceived", "context":{"id":"84ebe666-70ca-46e1-9401-c9b6d59e7380", "isDeleted:":"true", "version":"1736145742304"}}
{"logTime": "0114/041231", "correlationVector":"L+g+wUhKmqJy0lgJe1A/zE.189","action":"GetUpdates", "result":"DeleteReceived", "context":{"id":"91376083-2e31-403a-ad6a-40a55199380d", "isDeleted:":"true", "version":"1736145772940"}}
{"logTime": "0114/041231", "correlationVector":"L+g+wUhKmqJy0lgJe1A/zE.190","action":"GetUpdates", "result":"DeleteReceived", "context":{"id":"0d89bd6c-3fd0-4f5a-bfbd-5ad3d9089f90", "isDeleted:":"true", "version":"1736146093617"}}
{"logTime": "0114/041231", "correlationVector":"L+g+wUhKmqJy0lgJe1A/zE.191","action":"GetUpdates", "result":"DeleteReceived", "context":{"id":"13fa0d3d-bbe1-4d69-b771-ab7d612ecc01", "isDeleted:":"true", "version":"1736146093618"}}
{"logTime": "0114/041231", "correlationVector":"L+g+wUhKmqJy0lgJe1A/zE.192","action":"GetUpdates", "result":"DeleteReceived", "context":{"id":"85fa8a3b-e1cb-4da9-9417-ff49cd3bcf0a", "isDeleted:":"true", "version":"1736147318203"}}
{"logTime": "0114/041231", "correlationVector":"L+g+wUhKmqJy0lgJe1A/zE.193","action":"GetUpdates", "result":"DeleteReceived", "context":{"id":"ab0579a8-c2c1-418f-9418-3ffd19549ab0", "isDeleted:":"true", "version":"1736147770131"}}
{"logTime": "0114/041231", "correlationVector":"L+g+wUhKmqJy0lgJe1A/zE.194","action":"GetUpdates", "result":"DeleteReceived", "context":{"id":"29d82704-ae18-4fa5-9958-727ada9c64ca", "isDeleted:":"true", "version":"1736147875774"}}
{"logTime": "0114/041231", "correlationVector":"L+g+wUhKmqJy0lgJe1A/zE.195","action":"GetUpdates", "result":"DeleteReceived", "context":{"id":"673ffb47-4b75-4e14-8987-747eac042c2e", "isDeleted:":"true", "version":"1736148136723"}}
{"logTime": "0114/041231", "correlationVector":"L+g+wUhKmqJy0lgJe1A/zE.196","action":"GetUpdates", "result":"DeleteReceived", "context":{"id":"f4ba74e5-abeb-4d95-99f0-5bed4db9fff6", "isDeleted:":"true", "version":"1736149272932"}}
{"logTime": "0114/041231", "correlationVector":"L+g+wUhKmqJy0lgJe1A/zE.197","action":"GetUpdates", "result":"DeleteReceived", "context":{"id":"8520c638-a000-4a44-9368-86cfb5b25685", "isDeleted:":"true", "version":"1736149272933"}}
{"logTime": "0114/041231", "correlationVector":"L+g+wUhKmqJy0lgJe1A/zE.198","action":"GetUpdates", "result":"DeleteReceived", "context":{"id":"5d956ebe-cd3c-45d5-be18-901c817bd5e6", "isDeleted:":"true", "version":"1736150305127"}}
{"logTime": "0114/041231", "correlationVector":"L+g+wUhKmqJy0lgJe1A/zE.199","action":"GetUpdates", "result":"DeleteReceived", "context":{"id":"f76b2eff-2f36-4037-a104-8708fb7b2904", "isDeleted:":"true", "version":"1736150305130"}}
{"logTime": "0114/041231", "correlationVector":"L+g+wUhKmqJy0lgJe1A/zE.200","action":"GetUpdates", "result":"DeleteReceived", "context":{"id":"6164c2bf-cc9b-4772-8e3c-cdefdcee1786", "isDeleted:":"true", "version":"1736151173320"}}
{"logTime": "0114/041231", "correlationVector":"L+g+wUhKmqJy0lgJe1A/zE.201","action":"GetUpdates", "result":"DeleteReceived", "context":{"id":"29e3b113-fa29-4c48-ad99-9f5fd6a52264", "isDeleted:":"true", "version":"1736151173322"}}
{"logTime": "0114/041231", "correlationVector":"L+g+wUhKmqJy0lgJe1A/zE.202","action":"GetUpdates", "result":"DeleteReceived", "context":{"id":"0bfda3c3-6168-4740-a995-4185bd8322f4", "isDeleted:":"true", "version":"1736159304489"}}
{"logTime": "0114/041231", "correlationVector":"L+g+wUhKmqJy0lgJe1A/zE.203","action":"GetUpdates", "result":"DeleteReceived", "context":{"id":"d9c256fc-811d-4123-8044-5f739a774175", "isDeleted:":"true", "version":"1736159677678"}}
{"logTime": "0114/041231", "correlationVector":"L+g+wUhKmqJy0lgJe1A/zE.204","action":"GetUpdates", "result":"DeleteReceived", "context":{"id":"4f237962-d446-4df4-8e77-9cbfdaae1bbc", "isDeleted:":"true", "version":"1736182826268"}}
{"logTime": "0114/041231", "correlationVector":"L+g+wUhKmqJy0lgJe1A/zE.205","action":"GetUpdates", "result":"DeleteReceived", "context":{"id":"7c5a3847-e9ef-4cab-9106-1c9b38792bf3", "isDeleted:":"true", "version":"1736184860811"}}
{"logTime": "0114/041231", "correlationVector":"L+g+wUhKmqJy0lgJe1A/zE.206","action":"GetUpdates", "result":"DeleteReceived", "context":{"id":"26b36191-15b1-4813-adb4-d030397f93f7", "isDeleted:":"true", "version":"1736185159321"}}
{"logTime": "0114/041231", "correlationVector":"L+g+wUhKmqJy0lgJe1A/zE.207","action":"GetUpdates", "result":"DeleteReceived", "context":{"id":"de7fdc0f-2c80-41ab-ae9c-6b5597e9d392", "isDeleted:":"true", "version":"1736185401881"}}
{"logTime": "0114/041231", "correlationVector":"L+g+wUhKmqJy0lgJe1A/zE.208","action":"GetUpdates", "result":"DeleteReceived", "context":{"id":"b987fa66-2d27-4c3f-b842-8990914b9885", "isDeleted:":"true", "version":"1736185444311"}}
{"logTime": "0114/041231", "correlationVector":"L+g+wUhKmqJy0lgJe1A/zE.209","action":"GetUpdates", "result":"DeleteReceived", "context":{"id":"bb875c41-af41-4186-b22a-b1f3446cdbe6", "isDeleted:":"true", "version":"1736185586722"}}
{"logTime": "0114/041231", "correlationVector":"L+g+wUhKmqJy0lgJe1A/zE.210","action":"GetUpdates", "result":"DeleteReceived", "context":{"id":"91bf11fd-d4da-44e4-95fb-5b602fe48d21", "isDeleted:":"true", "version":"1736186615706"}}
{"logTime": "0114/041231", "correlationVector":"L+g+wUhKmqJy0lgJe1A/zE.211","action":"GetUpdates", "result":"DeleteReceived", "context":{"id":"f323cb49-0948-4948-b09e-ece900d11bde", "isDeleted:":"true", "version":"1736186615708"}}
{"logTime": "0114/041231", "correlationVector":"L+g+wUhKmqJy0lgJe1A/zE.212","action":"GetUpdates", "result":"DeleteReceived", "context":{"id":"0469fcbe-2f5a-4ab6-aaf5-6891e5ee388b", "isDeleted:":"true", "version":"1736186615709"}}
{"logTime": "0114/041231", "correlationVector":"L+g+wUhKmqJy0lgJe1A/zE.213","action":"GetUpdates", "result":"DeleteReceived", "context":{"id":"b70da82e-db08-4e2c-851b-fd6e5c619bf6", "isDeleted:":"true", "version":"1736186615710"}}
{"logTime": "0114/041231", "correlationVector":"L+g+wUhKmqJy0lgJe1A/zE.214","action":"GetUpdates", "result":"DeleteReceived", "context":{"id":"ecc94f8b-df9d-4842-8a9f-a257f7a2912b", "isDeleted:":"true", "version":"1736186615711"}}
{"logTime": "0114/041231", "correlationVector":"L+g+wUhKmqJy0lgJe1A/zE.215","action":"GetUpdates", "result":"DeleteReceived", "context":{"id":"3b15198d-df40-4fd8-913c-289eaf48f32d", "isDeleted:":"true", "version":"1736187308575"}}
{"logTime": "0114/041231", "correlationVector":"L+g+wUhKmqJy0lgJe1A/zE.216","action":"GetUpdates", "result":"DeleteReceived", "context":{"id":"2d855a09-8682-4b81-991a-7f8d76ecfdac", "isDeleted:":"true", "version":"1736188269671"}}
{"logTime": "0114/041231", "correlationVector":"L+g+wUhKmqJy0lgJe1A/zE.217","action":"GetUpdates", "result":"DeleteReceived", "context":{"id":"67e3421c-1a35-486f-a6b7-b644d8abe83f", "isDeleted:":"true", "version":"1736191104451"}}
{"logTime": "0114/041231", "correlationVector":"L+g+wUhKmqJy0lgJe1A/zE.218","action":"GetUpdates", "result":"DeleteReceived", "context":{"id":"215b74be-2b1e-4229-a553-85012707cb6d", "isDeleted:":"true", "version":"1736191104452"}}
{"logTime": "0114/041231", "correlationVector":"L+g+wUhKmqJy0lgJe1A/zE.219","action":"GetUpdates", "result":"DeleteReceived", "context":{"id":"fcf826d1-7e98-4e14-894b-56466e840496", "isDeleted:":"true", "version":"1736191141334"}}
{"logTime": "0114/041231", "correlationVector":"L+g+wUhKmqJy0lgJe1A/zE.220","action":"GetUpdates", "result":"DeleteReceived", "context":{"id":"ac2025e8-b8d9-4a18-9634-8e7e67abfa20", "isDeleted:":"true", "version":"1736191204663"}}
{"logTime": "0114/041231", "correlationVector":"L+g+wUhKmqJy0lgJe1A/zE.221","action":"GetUpdates", "result":"DeleteReceived", "context":{"id":"b82b5ec9-0965-481c-9d74-8506b6ab6fcb", "isDeleted:":"true", "version":"1736239500194"}}
{"logTime": "0114/041231", "correlationVector":"L+g+wUhKmqJy0lgJe1A/zE.222","action":"GetUpdates", "result":"DeleteReceived", "context":{"id":"36002c5e-316f-42c0-aeaf-b6c47505ffed", "isDeleted:":"true", "version":"1736239500197"}}
{"logTime": "0114/041231", "correlationVector":"L+g+wUhKmqJy0lgJe1A/zE.223","action":"GetUpdates", "result":"DeleteReceived", "context":{"id":"4617911e-989a-4c50-8d09-a258aba19339", "isDeleted:":"true", "version":"1736239500198"}}
{"logTime": "0114/041231", "correlationVector":"L+g+wUhKmqJy0lgJe1A/zE.224","action":"GetUpdates", "result":"DeleteReceived", "context":{"id":"52333486-0965-4d08-a673-0bdc11cbd699", "isDeleted:":"true", "version":"1736239500199"}}
{"logTime": "0114/041231", "correlationVector":"L+g+wUhKmqJy0lgJe1A/zE.225","action":"GetUpdates", "result":"DeleteReceived", "context":{"id":"24d49e1e-7efa-4d9e-9f67-890079bc76a8", "isDeleted:":"true", "version":"1736239500200"}}
{"logTime": "0114/041231", "correlationVector":"L+g+wUhKmqJy0lgJe1A/zE.226","action":"GetUpdates", "result":"DeleteReceived", "context":{"id":"e1ac7119-056f-4cc4-a29f-8076699a729f", "isDeleted:":"true", "version":"1736241338642"}}
{"logTime": "0114/041231", "correlationVector":"L+g+wUhKmqJy0lgJe1A/zE.227","action":"GetUpdates", "result":"DeleteReceived", "context":{"id":"c48de292-f154-401a-87ec-89760020ddad", "isDeleted:":"true", "version":"1736245496609"}}
{"logTime": "0114/041231", "correlationVector":"L+g+wUhKmqJy0lgJe1A/zE.228","action":"GetUpdates", "result":"DeleteReceived", "context":{"id":"05fe710e-f112-4235-ab01-df4a99f070c9", "isDeleted:":"true", "version":"1736245496610"}}
{"logTime": "0114/041231", "correlationVector":"L+g+wUhKmqJy0lgJe1A/zE.229","action":"GetUpdates", "result":"DeleteReceived", "context":{"id":"4bdc6393-4775-4527-87b9-d843114d5bb3", "isDeleted:":"true", "version":"1736256668623"}}
{"logTime": "0114/041231", "correlationVector":"L+g+wUhKmqJy0lgJe1A/zE.230","action":"GetUpdates", "result":"DeleteReceived", "context":{"id":"3ff035e3-0c42-4623-a1a5-db813879099f", "isDeleted:":"true", "version":"1736264072093"}}
{"logTime": "0114/041231", "correlationVector":"L+g+wUhKmqJy0lgJe1A/zE.231","action":"GetUpdates", "result":"DeleteReceived", "context":{"id":"e2e837dd-107e-465a-8aa1-104cf19b9081", "isDeleted:":"true", "version":"1736264072094"}}
{"logTime": "0114/041231", "correlationVector":"L+g+wUhKmqJy0lgJe1A/zE.232","action":"GetUpdates", "result":"DeleteReceived", "context":{"id":"2ea838da-41e4-429a-88e8-60466bf34ae8", "isDeleted:":"true", "version":"1733317275567"}}
{"logTime": "0114/041231", "correlationVector":"L+g+wUhKmqJy0lgJe1A/zE.233","action":"GetUpdates", "result":"DeleteReceived", "context":{"id":"8c010e68-db4b-4339-9e50-48a586cbaee7", "isDeleted:":"true", "version":"1733317275568"}}
{"logTime": "0114/041231", "correlationVector":"L+g+wUhKmqJy0lgJe1A/zE.234","action":"GetUpdates", "result":"DeleteReceived", "context":{"id":"bd2e50e4-875f-46ce-9d51-1a4928a2bb51", "isDeleted:":"true", "version":"1735655832140"}}
{"logTime": "0114/041231", "correlationVector":"L+g+wUhKmqJy0lgJe1A/zE.235","action":"GetUpdates Response", "result":"Success", "context":Received 247 update(s). cV=L+g+wUhKmqJy0lgJe1A/zE.0;server=akswtt003000018;cloudType=Consumer;environment=Prod_southeastasia_prod-s01-064-apac-southeastasia;migrationStage=NotStarted}
{"logTime": "0114/041231", "correlationVector":"eY5mJTlEYYoxvwyHEw4nOI","action":"Initial GetUpdates", "result":"", "context":Reason: NEWLY_SUPPORTED_DATATYPE. cV=eY5mJTlEYYoxvwyHEw4nOI}
{"logTime": "0114/041232", "correlationVector":"eY5mJTlEYYoxvwyHEw4nOI.1","action":"SyncServerConnectionManagerRequest", "result":"SYNC_SERVER_OK", "context":{"environment":"Prod_southeastasia_prod-s01-064-apac-southeastasia", "migrationStage":"NotStarted", "server":"akswtt00300000i"}}
{"logTime": "0114/041232", "correlationVector":"eY5mJTlEYYoxvwyHEw4nOI.2","action":"GetUpdates Response", "result":"Success", "context":Received 28 update(s). cV=eY5mJTlEYYoxvwyHEw4nOI.0;server=akswtt00300000i;cloudType=Consumer;environment=Prod_southeastasia_prod-s01-064-apac-southeastasia;migrationStage=NotStarted}
{"logTime": "0114/041232", "correlationVector":"ZriSTD/lT79VwI+7XWervG","action":"Normal GetUpdate request", "result":"", "context":cV=ZriSTD/lT79VwI+7XWervG
Nudged types: Sessions, Device Info, User Consents
Refresh requested types: Bookmarks, Preferences, Passwords, Autofill Profiles, Autofill, Typed URLs, Extensions, Sessions, Extension settings, History Delete Directives, Device Info, User Consents, Send Tab To Self, Web Apps, History, Collection, Edge E Drop, Edge Hub App Usage, Edge Tab Group, Edge Wallet, Encryption Keys}
{"logTime": "0114/041233", "correlationVector":"ZriSTD/lT79VwI+7XWervG.1","action":"SyncServerConnectionManagerRequest", "result":"SYNC_SERVER_OK", "context":{"environment":"Prod_southeastasia_prod-s01-064-apac-southeastasia", "migrationStage":"NotStarted", "server":"akswtt00300000i"}}
{"logTime": "0114/041233", "correlationVector":"ZriSTD/lT79VwI+7XWervG.2","action":"GetUpdates Response", "result":"Success", "context":Received 0 update(s). cV=ZriSTD/lT79VwI+7XWervG.0;server=akswtt00300000i;cloudType=Consumer;environment=Prod_southeastasia_prod-s01-064-apac-southeastasia;migrationStage=NotStarted}
{"logTime": "0114/041233", "correlationVector":"+H/so/w7ZbiEruFLJkSngz","action":"DoCompareDataConsistency requsted types: ", "result":"Bookmarks, Preferences, Passwords, Typed URLs, Extensions, Extension settings, History Delete Directives, Send Tab To Self, Web Apps, History, Collection, Edge E Drop, Edge Tab Group, Edge Wallet, Encryption Keys"}
{"logTime": "0114/041233", "correlationVector":"+H/so/w7ZbiEruFLJkSngz.0","action":"CompareDataConsistency result: ", "result":"Compare result: Encryption Keys is consistent. local entities count is: 1 local entities hash is: qlmRkaFev1ZkTuNIKmDTi08IoSc="}
{"logTime": "0114/041233", "correlationVector":"+H/so/w7ZbiEruFLJkSngz.1","action":"CompareDataConsistency result: ", "result":"Compare result: Bookmarks is consistent. local entities count is: 3 local entities hash is: KGaKBSiF4Cv/AOK2QnUO4ghTIpg="}
{"logTime": "0114/041233", "correlationVector":"+H/so/w7ZbiEruFLJkSngz.2","action":"CompareDataConsistency result: ", "result":"Compare result: Preferences is consistent. local entities count is: 78 local entities hash is: i9uyASuR+lR28BxduaX5nfEfkgY="}
{"logTime": "0114/041233", "correlationVector":"+H/so/w7ZbiEruFLJkSngz.3","action":"CompareDataConsistency result: ", "result":"Server did not send this Typed URLs local entities count is: 22 local entities hash is: 8yu/6u154Ab4ooxjnSxbQHf8nnk="}
{"logTime": "0114/041233", "correlationVector":"+H/so/w7ZbiEruFLJkSngz.4","action":"CompareDataConsistency result: ", "result":"Compare result: Extensions is consistent. local entities count is: 2 local entities hash is: cHlW36mkkLM6eJ24Hg0m/fv5oUA="}
{"logTime": "0114/041233", "correlationVector":"+H/so/w7ZbiEruFLJkSngz.5","action":"CompareDataConsistency result: ", "result":"Compare result: Extension settings is consistent. local entities count is: 0 local entities hash is: "}
{"logTime": "0114/041233", "correlationVector":"+H/so/w7ZbiEruFLJkSngz.6","action":"CompareDataConsistency result: ", "result":"Compare result: History Delete Directives is consistent. local entities count is: 0 local entities hash is: "}
{"logTime": "0114/041233", "correlationVector":"+H/so/w7ZbiEruFLJkSngz.7","action":"CompareDataConsistency result: ", "result":"Server did not send this Send Tab To Self local entities count is: 0 local entities hash is: "}
{"logTime": "0114/041233", "correlationVector":"+H/so/w7ZbiEruFLJkSngz.8","action":"CompareDataConsistency result: ", "result":"Compare result: Web Apps is consistent. local entities count is: 0 local entities hash is: "}
{"logTime": "0114/041233", "correlationVector":"+H/so/w7ZbiEruFLJkSngz.9","action":"CompareDataConsistency result: ", "result":"Server did not send this History local entities count is: 0 local entities hash is: "}
{"logTime": "0114/041233", "correlationVector":"+H/so/w7ZbiEruFLJkSngz.10","action":"CompareDataConsistency result: ", "result":"Compare result: Collection is consistent. local entities count is: 0 local entities hash is: "}
{"logTime": "0114/041233", "correlationVector":"+H/so/w7ZbiEruFLJkSngz.11","action":"CompareDataConsistency result: ", "result":"Compare result: Edge E Drop is consistent. local entities count is: 0 local entities hash is: "}
{"logTime": "0114/041233", "correlationVector":"+H/so/w7ZbiEruFLJkSngz.12","action":"CompareDataConsistency result: ", "result":"Compare result: Edge Tab Group is consistent. local entities count is: 0 local entities hash is: "}
{"logTime": "0114/041233", "correlationVector":"+H/so/w7ZbiEruFLJkSngz.13","action":"CompareDataConsistency result: ", "result":"Compare result: Edge Wallet is consistent. local entities count is: 0 local entities hash is: "}
{"logTime": "0114/041233", "correlationVector":"+H/so/w7ZbiEruFLJkSngz.14","action":"CompareDataConsistency result: ", "result":"Compare result: Passwords is consistent. local entities count is: 22 local entities hash is: xodv3fC81IMO8OTlPAe3SfG44rQ="}
{"logTime": "0114/041233", "correlationVector":"uMK5M5EwKm35cF7w3AoTSd","action":"Commit Request", "result":"", "context":Item count: 5
Contributing types: Sessions, Device Info, User Consents}
{"logTime": "0114/041234", "correlationVector":"uMK5M5EwKm35cF7w3AoTSd.1","action":"SyncServerConnectionManagerRequest", "result":"SYNC_SERVER_OK", "context":{"environment":"Prod_southeastasia_prod-s01-064-apac-southeastasia", "migrationStage":"NotStarted", "server":"akswtt00300001z"}}
{"logTime": "0114/041234", "correlationVector":"uMK5M5EwKm35cF7w3AoTSd.2","action":"Commit Response", "result":"Success", "context":Result: Success. cV=uMK5M5EwKm35cF7w3AoTSd.0;server=akswtt00300001z;cloudType=Consumer;environment=Prod_southeastasia_prod-s01-064-apac-southeastasia;migrationStage=NotStarted}
{"logTime": "0114/041235", "correlationVector":"","action":"DIAGNOSTIC_REQUEST|v1/diagnosticData/Diagnostic.SendCheckResult()|SUCCESS", "result":""}
{"logTime": "0114/041307", "correlationVector":"2tGxHdUeK8kkKZq8E7VDTT","action":"Commit Request", "result":"", "context":Item count: 7
Contributing types: Sessions, History}
{"logTime": "0114/041308", "correlationVector":"2tGxHdUeK8kkKZq8E7VDTT.1","action":"SyncServerConnectionManagerRequest", "result":"SYNC_SERVER_OK", "context":{"environment":"Prod_southeastasia_prod-s01-064-apac-southeastasia", "migrationStage":"NotStarted", "server":"akswtt00300002a"}}
{"logTime": "0114/041308", "correlationVector":"2tGxHdUeK8kkKZq8E7VDTT.2","action":"Commit Response", "result":"Success", "context":Result: Success. cV=2tGxHdUeK8kkKZq8E7VDTT.0;server=akswtt00300002a;cloudType=Consumer;environment=Prod_southeastasia_prod-s01-064-apac-southeastasia;migrationStage=NotStarted}
{"logTime": "0114/041351", "correlationVector":"dfvkSMdzLNgB9XSSgwwSOW","action":"Commit Request", "result":"", "context":Item count: 18
Contributing types: Preferences, Passwords}
{"logTime": "0114/041353", "correlationVector":"dfvkSMdzLNgB9XSSgwwSOW.1","action":"SyncServerConnectionManagerRequest", "result":"SYNC_SERVER_OK", "context":{"environment":"Prod_southeastasia_prod-s01-064-apac-southeastasia", "migrationStage":"NotStarted", "server":"akswtt003000012"}}
{"logTime": "0114/041353", "correlationVector":"dfvkSMdzLNgB9XSSgwwSOW.2","action":"Commit Response", "result":"Success", "context":Result: Success. cV=dfvkSMdzLNgB9XSSgwwSOW.0;server=akswtt003000012;cloudType=Consumer;environment=Prod_southeastasia_prod-s01-064-apac-southeastasia;migrationStage=NotStarted}
