2025-01-03 03:35:09.845: [INFO][Sync] Reset engine, reason: 8
2025-01-03 03:35:09.845: [INFO][Sync] Stopped: Bookmarks
2025-01-03 03:35:09.845: [INFO][Sync] Stopped: Preferences
2025-01-03 03:35:09.845: [INFO][Sync] Stopped: Passwords
2025-01-03 03:35:09.845: [INFO][Sync] Stopped: Autofill Profiles
2025-01-03 03:35:09.846: [INFO][Sync] Stopped: Autofill
2025-01-03 03:35:09.846: [INFO][Sync] Stopped: Typed URLs
2025-01-03 03:35:09.846: [INFO][Sync] Stopped: Extensions
2025-01-03 03:35:09.846: [INFO][Sync] Stopped: Sessions
2025-01-03 03:35:09.846: [INFO][Sync] Stopped: Extension settings
2025-01-03 03:35:09.846: [INFO][Sync] Stopped: History Delete Directives
2025-01-03 03:35:09.846: [INFO][Sync] Stopped: Device Info
2025-01-03 03:35:09.846: [INFO][Sync] Stopped: User Consents
2025-01-03 03:35:09.846: [INFO][Sync] Stopped: Send Tab To Self
2025-01-03 03:35:09.846: [INFO][Sync] Stopped: Web Apps
2025-01-03 03:35:09.846: [INFO][Sync] Stopped: History
2025-01-03 03:35:09.846: [INFO][Sync] Stopped: Collection
2025-01-03 03:35:09.846: [INFO][Sync] Stopped: Edge E Drop
2025-01-03 03:35:09.846: [INFO][Sync] Stopped: Edge Hub App Usage
2025-01-03 03:35:09.846: [INFO][Sync] Stopped: Edge Tab Group
2025-01-03 03:35:09.846: [INFO][Sync] Stopped: Edge Wallet
2025-01-03 03:35:09.846: [INFO][Sync] SyncState after authenticated was: NotSignedIn
2025-01-03 03:35:15.731: [INFO][Sync] Reset engine, reason: 8
2025-01-03 03:35:15.731: [INFO][Sync] Stopped: Bookmarks
2025-01-03 03:35:15.731: [INFO][Sync] Stopped: Preferences
2025-01-03 03:35:15.731: [INFO][Sync] Stopped: Passwords
2025-01-03 03:35:15.731: [INFO][Sync] Stopped: Autofill Profiles
2025-01-03 03:35:15.731: [INFO][Sync] Stopped: Autofill
2025-01-03 03:35:15.731: [INFO][Sync] Stopped: Typed URLs
2025-01-03 03:35:15.731: [INFO][Sync] Stopped: Extensions
2025-01-03 03:35:15.731: [INFO][Sync] Stopped: Sessions
2025-01-03 03:35:15.732: [INFO][Sync] Stopped: Extension settings
2025-01-03 03:35:15.732: [INFO][Sync] Stopped: History Delete Directives
2025-01-03 03:35:15.732: [INFO][Sync] Stopped: Device Info
2025-01-03 03:35:15.732: [INFO][Sync] Stopped: User Consents
2025-01-03 03:35:15.732: [INFO][Sync] Stopped: Send Tab To Self
2025-01-03 03:35:15.732: [INFO][Sync] Stopped: Web Apps
2025-01-03 03:35:15.732: [INFO][Sync] Stopped: History
2025-01-03 03:35:15.732: [INFO][Sync] Stopped: Collection
2025-01-03 03:35:15.732: [INFO][Sync] Stopped: Edge E Drop
2025-01-03 03:35:15.732: [INFO][Sync] Stopped: Edge Hub App Usage
2025-01-03 03:35:15.732: [INFO][Sync] Stopped: Edge Tab Group
2025-01-03 03:35:15.732: [INFO][Sync] Stopped: Edge Wallet
2025-01-03 03:35:16.276: [INFO][Sync] Try to start sync engine
2025-01-03 03:35:16.300: [INFO][SyncManagerImpl::NudgeForInitialDownload] Initial download nudge for Encryption Keys
2025-01-03 03:35:16.300: [INFO][SyncEngineBackend::LoadAndConnectNigoriController] Load and connect Nigori controller
2025-01-03 03:35:16.300: [INFO][SyncEngineBackend::DoInitialize] Control Types added: Encryption Keys
2025-01-03 03:35:16.300: [INFO][SyncManagerImpl::ConfigureSyncer] Types to download: Encryption Keys with reason: 3
2025-01-03 03:35:16.308: [INFO][SyncSchedulerImpl::DoConfigurationSyncCycleJob] Configure job was blocked
2025-01-03 03:35:17.761: [INFO][SyncAuthManager::SetLastAuthError] Current auth error: None
2025-01-03 03:35:17.761: [INFO][SyncAuthManager::EdgeLogTokenErrorState] Token error with: None for account type: MSA
2025-01-03 03:35:17.761: [INFO][Sync] Credentials changed for: EdgeSyncScopeNew
2025-01-03 03:38:48.529: [INFO][Sync] Reset engine, reason: 0
2025-01-03 03:38:48.529: [INFO][Sync] Reset engine with reason: 0
